This file contains any messages produced by compilers while
running configure, to aid debugging if configure makes a mistake.

It was created by SExtractor configure 2.24.4, which was
generated by GNU Autoconf 2.69.  Invocation command line was

  $ ./configure 

## --------- ##
## Platform. ##
## --------- ##

hostname = midway2-login1.rcc.local
uname -m = x86_64
uname -r = 3.10.0-1127.8.2.el7.x86_64
uname -s = Linux
uname -v = #1 SMP Wed May 13 10:45:47 CDT 2020

/usr/bin/uname -p = x86_64
/bin/uname -X     = unknown

/bin/arch              = x86_64
/usr/bin/arch -k       = unknown
/usr/convex/getsysinfo = unknown
/usr/bin/hostinfo      = unknown
/bin/machine           = unknown
/usr/bin/oslevel       = unknown
/bin/universe          = unknown

PATH: /home/dhayaa/.conda/envs/shear/bin
PATH: /software/python-anaconda-2020.02-el7-x86_64/condabin
PATH: /software/python-anaconda-2020.02-el7-x86_64/bin
PATH: /software/slurm-current-el7-x86_64/bin
PATH: /bin
PATH: /software/git-2.10-el7-x86_64/bin
PATH: /software/subversion-1.9.4-el7-x86_64/bin
PATH: /software/bin
PATH: /srv/adm/bin
PATH: /usr/lib64/qt-3.3/bin
PATH: /usr/local/bin
PATH: /usr/bin
PATH: /usr/local/sbin
PATH: /usr/sbin
PATH: /usr/lpp/mmfs/bin
PATH: /home/dhayaa/Desktop/DECADE/cfitsio-4.0.0
PATH: /home/dhayaa/bin


## ----------- ##
## Core tests. ##
## ----------- ##

configure:2390: checking for a BSD-compatible install
configure:2458: result: /bin/install -c
configure:2469: checking whether build environment is sane
configure:2524: result: yes
configure:2675: checking for a thread-safe mkdir -p
configure:2714: result: /bin/mkdir -p
configure:2721: checking for gawk
configure:2737: found /bin/gawk
configure:2748: result: gawk
configure:2759: checking whether make sets $(MAKE)
configure:2781: result: yes
configure:2810: checking whether make supports nested variables
configure:2827: result: yes
configure:2961: result: ******** Configuring:  SExtractor 2.24.4 (2022-04-27) ********
configure:2965: checking if compilation flags are set automatically
configure:2972: result: no
configure:2978: checking whether the INTEL compiler is enabled
configure:2986: result: no
configure:2993: checking whether INTEL's MKL is enabled
configure:3002: result: no
configure:3027: checking for style of include used by make
configure:3055: result: GNU
configure:3126: checking for gcc
configure:3142: found /bin/gcc
configure:3153: result: gcc
configure:3382: checking for C compiler version
configure:3391: gcc --version >&5
gcc (GCC) 4.8.5 20150623 (Red Hat 4.8.5-28)
Copyright (C) 2015 Free Software Foundation, Inc.
This is free software; see the source for copying conditions.  There is NO
warranty; not even for MERCHANTABILITY or FITNESS FOR A PARTICULAR PURPOSE.

configure:3402: $? = 0
configure:3391: gcc -v >&5
Using built-in specs.
COLLECT_GCC=gcc
COLLECT_LTO_WRAPPER=/usr/libexec/gcc/x86_64-redhat-linux/4.8.5/lto-wrapper
Target: x86_64-redhat-linux
Configured with: ../configure --prefix=/usr --mandir=/usr/share/man --infodir=/usr/share/info --with-bugurl=http://bugzilla.redhat.com/bugzilla --enable-bootstrap --enable-shared --enable-threads=posix --enable-checking=release --with-system-zlib --enable-__cxa_atexit --disable-libunwind-exceptions --enable-gnu-unique-object --enable-linker-build-id --with-linker-hash-style=gnu --enable-languages=c,c++,objc,obj-c++,java,fortran,ada,go,lto --enable-plugin --enable-initfini-array --disable-libgcj --with-isl=/builddir/build/BUILD/gcc-4.8.5-20150702/obj-x86_64-redhat-linux/isl-install --with-cloog=/builddir/build/BUILD/gcc-4.8.5-20150702/obj-x86_64-redhat-linux/cloog-install --enable-gnu-indirect-function --with-tune=generic --with-arch_32=x86-64 --build=x86_64-redhat-linux
Thread model: posix
gcc version 4.8.5 20150623 (Red Hat 4.8.5-28) (GCC) 
configure:3402: $? = 0
configure:3391: gcc -V >&5
gcc: error: unrecognized command line option '-V'
gcc: fatal error: no input files
compilation terminated.
configure:3402: $? = 4
configure:3391: gcc -qversion >&5
gcc: error: unrecognized command line option '-qversion'
gcc: fatal error: no input files
compilation terminated.
configure:3402: $? = 4
configure:3422: checking whether the C compiler works
configure:3444: gcc    conftest.c  >&5
configure:3448: $? = 0
configure:3496: result: yes
configure:3499: checking for C compiler default output file name
configure:3501: result: a.out
configure:3507: checking for suffix of executables
configure:3514: gcc -o conftest    conftest.c  >&5
configure:3518: $? = 0
configure:3540: result: 
configure:3562: checking whether we are cross compiling
configure:3570: gcc -o conftest    conftest.c  >&5
configure:3574: $? = 0
configure:3581: ./conftest
configure:3585: $? = 0
configure:3600: result: no
configure:3605: checking for suffix of object files
configure:3627: gcc -c   conftest.c >&5
configure:3631: $? = 0
configure:3652: result: o
configure:3656: checking whether we are using the GNU C compiler
configure:3675: gcc -c   conftest.c >&5
configure:3675: $? = 0
configure:3684: result: yes
configure:3693: checking whether gcc accepts -g
configure:3713: gcc -c -g  conftest.c >&5
configure:3713: $? = 0
configure:3754: result: yes
configure:3771: checking for gcc option to accept ISO C89
configure:3834: gcc  -c -g -O2  conftest.c >&5
configure:3834: $? = 0
configure:3847: result: none needed
configure:3869: checking dependency style of gcc
configure:3980: result: gcc3
configure:3996: checking for library containing strerror
configure:4027: gcc -o conftest -g -O2   conftest.c  >&5
configure:4027: $? = 0
configure:4044: result: none required
configure:4173: checking build system type
configure:4187: result: x86_64-unknown-linux-gnu
configure:4207: checking host system type
configure:4220: result: x86_64-unknown-linux-gnu
configure:4261: checking how to print strings
configure:4288: result: printf
configure:4309: checking for a sed that does not truncate output
configure:4373: result: /bin/sed
configure:4391: checking for grep that handles long lines and -e
configure:4449: result: /bin/grep
configure:4454: checking for egrep
configure:4516: result: /bin/grep -E
configure:4521: checking for fgrep
configure:4583: result: /bin/grep -F
configure:4618: checking for ld used by gcc
configure:4685: result: /bin/ld
configure:4692: checking if the linker (/bin/ld) is GNU ld
configure:4707: result: yes
configure:4719: checking for BSD- or MS-compatible name lister (nm)
configure:4773: result: /bin/nm -B
configure:4903: checking the name lister (/bin/nm -B) interface
configure:4910: gcc -c -g -O2  conftest.c >&5
configure:4913: /bin/nm -B "conftest.o"
configure:4916: output
0000000000000000 B some_variable
configure:4923: result: BSD nm
configure:4926: checking whether ln -s works
configure:4930: result: yes
configure:4938: checking the maximum length of command line arguments
configure:5069: result: 1572864
configure:5117: checking how to convert x86_64-unknown-linux-gnu file names to x86_64-unknown-linux-gnu format
configure:5157: result: func_convert_file_noop
configure:5164: checking how to convert x86_64-unknown-linux-gnu file names to toolchain format
configure:5184: result: func_convert_file_noop
configure:5191: checking for /bin/ld option to reload object files
configure:5198: result: -r
configure:5272: checking for objdump
configure:5288: found /bin/objdump
configure:5299: result: objdump
configure:5331: checking how to recognize dependent libraries
configure:5531: result: pass_all
configure:5616: checking for dlltool
configure:5646: result: no
configure:5676: checking how to associate runtime and link libraries
configure:5703: result: printf %s\n
configure:5763: checking for ar
configure:5779: found /bin/ar
configure:5790: result: ar
configure:5827: checking for archiver @FILE support
configure:5844: gcc -c -g -O2  conftest.c >&5
configure:5844: $? = 0
configure:5847: ar cru libconftest.a @conftest.lst >&5
configure:5850: $? = 0
configure:5855: ar cru libconftest.a @conftest.lst >&5
ar: conftest.o: No such file or directory
configure:5858: $? = 1
configure:5870: result: @
configure:5928: checking for strip
configure:5944: found /bin/strip
configure:5955: result: strip
configure:6027: checking for ranlib
configure:6043: found /bin/ranlib
configure:6054: result: ranlib
configure:6156: checking command to parse /bin/nm -B output from gcc object
configure:6309: gcc -c -g -O2  conftest.c >&5
configure:6312: $? = 0
configure:6316: /bin/nm -B conftest.o \| sed -n -e 's/^.*[ ]\([ABCDGIRSTW][ABCDGIRSTW]*\)[ ][ ]*\([_A-Za-z][_A-Za-z0-9]*\)$/\1 \2 \2/p' | sed '/ __gnu_lto/d' \> conftest.nm
configure:6319: $? = 0
configure:6385: gcc -o conftest -g -O2   conftest.c conftstm.o >&5
configure:6388: $? = 0
configure:6426: result: ok
configure:6473: checking for sysroot
configure:6503: result: no
configure:6510: checking for a working dd
configure:6548: result: /bin/dd
configure:6552: checking how to truncate binary pipes
configure:6567: result: /bin/dd bs=4096 count=1
configure:6703: gcc -c -g -O2  conftest.c >&5
configure:6706: $? = 0
configure:6896: checking for mt
configure:6926: result: no
configure:6946: checking if : is a manifest tool
configure:6952: : '-?'
configure:6960: result: no
configure:7637: checking how to run the C preprocessor
configure:7668: gcc -E  conftest.c
configure:7668: $? = 0
configure:7682: gcc -E  conftest.c
conftest.c:12:28: fatal error: ac_nonexistent.h: No such file or directory
 #include <ac_nonexistent.h>
                            ^
compilation terminated.
configure:7682: $? = 1
configure: failed program was:
| /* confdefs.h */
| #define PACKAGE_NAME "SExtractor"
| #define PACKAGE_TARNAME "sextractor"
| #define PACKAGE_VERSION "2.24.4"
| #define PACKAGE_STRING "SExtractor 2.24.4"
| #define PACKAGE_BUGREPORT "astromatic@astromatic.net"
| #define PACKAGE_URL "http://astromatic.net/software/sextractor"
| #define PACKAGE "sextractor"
| #define VERSION "2.24.4"
| #define DATE "2022-04-27"
| /* end confdefs.h.  */
| #include <ac_nonexistent.h>
configure:7707: result: gcc -E
configure:7727: gcc -E  conftest.c
configure:7727: $? = 0
configure:7741: gcc -E  conftest.c
conftest.c:12:28: fatal error: ac_nonexistent.h: No such file or directory
 #include <ac_nonexistent.h>
                            ^
compilation terminated.
configure:7741: $? = 1
configure: failed program was:
| /* confdefs.h */
| #define PACKAGE_NAME "SExtractor"
| #define PACKAGE_TARNAME "sextractor"
| #define PACKAGE_VERSION "2.24.4"
| #define PACKAGE_STRING "SExtractor 2.24.4"
| #define PACKAGE_BUGREPORT "astromatic@astromatic.net"
| #define PACKAGE_URL "http://astromatic.net/software/sextractor"
| #define PACKAGE "sextractor"
| #define VERSION "2.24.4"
| #define DATE "2022-04-27"
| /* end confdefs.h.  */
| #include <ac_nonexistent.h>
configure:7770: checking for ANSI C header files
configure:7790: gcc -c -g -O2  conftest.c >&5
configure:7790: $? = 0
configure:7863: gcc -o conftest -g -O2   conftest.c  >&5
configure:7863: $? = 0
configure:7863: ./conftest
configure:7863: $? = 0
configure:7874: result: yes
configure:7887: checking for sys/types.h
configure:7887: gcc -c -g -O2  conftest.c >&5
configure:7887: $? = 0
configure:7887: result: yes
configure:7887: checking for sys/stat.h
configure:7887: gcc -c -g -O2  conftest.c >&5
configure:7887: $? = 0
configure:7887: result: yes
configure:7887: checking for stdlib.h
configure:7887: gcc -c -g -O2  conftest.c >&5
configure:7887: $? = 0
configure:7887: result: yes
configure:7887: checking for string.h
configure:7887: gcc -c -g -O2  conftest.c >&5
configure:7887: $? = 0
configure:7887: result: yes
configure:7887: checking for memory.h
configure:7887: gcc -c -g -O2  conftest.c >&5
configure:7887: $? = 0
configure:7887: result: yes
configure:7887: checking for strings.h
configure:7887: gcc -c -g -O2  conftest.c >&5
configure:7887: $? = 0
configure:7887: result: yes
configure:7887: checking for inttypes.h
configure:7887: gcc -c -g -O2  conftest.c >&5
configure:7887: $? = 0
configure:7887: result: yes
configure:7887: checking for stdint.h
configure:7887: gcc -c -g -O2  conftest.c >&5
configure:7887: $? = 0
configure:7887: result: yes
configure:7887: checking for unistd.h
configure:7887: gcc -c -g -O2  conftest.c >&5
configure:7887: $? = 0
configure:7887: result: yes
configure:7901: checking for dlfcn.h
configure:7901: gcc -c -g -O2  conftest.c >&5
configure:7901: $? = 0
configure:7901: result: yes
configure:8157: checking for objdir
configure:8172: result: .libs
configure:8436: checking if gcc supports -fno-rtti -fno-exceptions
configure:8454: gcc -c -g -O2  -fno-rtti -fno-exceptions conftest.c >&5
cc1: warning: command line option '-fno-rtti' is valid for C++/ObjC++ but not for C [enabled by default]
configure:8458: $? = 0
configure:8471: result: no
configure:8829: checking for gcc option to produce PIC
configure:8836: result: -fPIC -DPIC
configure:8844: checking if gcc PIC flag -fPIC -DPIC works
configure:8862: gcc -c -g -O2  -fPIC -DPIC -DPIC conftest.c >&5
configure:8866: $? = 0
configure:8879: result: yes
configure:8908: checking if gcc static flag -static works
configure:8936: result: yes
configure:8951: checking if gcc supports -c -o file.o
configure:8972: gcc -c -g -O2  -o out/conftest2.o conftest.c >&5
configure:8976: $? = 0
configure:8998: result: yes
configure:9006: checking if gcc supports -c -o file.o
configure:9053: result: yes
configure:9086: checking whether the gcc linker (/bin/ld -m elf_x86_64) supports shared libraries
configure:10345: result: yes
configure:10382: checking whether -lc should be explicitly linked in
configure:10390: gcc -c -g -O2  conftest.c >&5
configure:10393: $? = 0
configure:10408: gcc -shared  -fPIC -DPIC conftest.o  -v -Wl,-soname -Wl,conftest -o conftest 2\>\&1 \| /bin/grep  -lc  \>/dev/null 2\>\&1
configure:10411: $? = 0
configure:10425: result: no
configure:10585: checking dynamic linker characteristics
configure:11166: gcc -o conftest -g -O2   -Wl,-rpath -Wl,/foo conftest.c  >&5
configure:11166: $? = 0
configure:11403: result: GNU/Linux ld.so
configure:11525: checking how to hardcode library paths into programs
configure:11550: result: immediate
configure:12098: checking whether stripping libraries is possible
configure:12103: result: yes
configure:12138: checking if libtool supports shared libraries
configure:12140: result: yes
configure:12143: checking whether to build shared libraries
configure:12168: result: yes
configure:12171: checking whether to build static libraries
configure:12175: result: yes
configure:12215: checking for sin in -lm
configure:12240: gcc -o conftest -g -O2   conftest.c -lm   >&5
conftest.c:31:6: warning: conflicting types for built-in function 'sin' [enabled by default]
 char sin ();
      ^
configure:12240: $? = 0
configure:12249: result: yes
configure:12262: checking for ANSI C header files
configure:12366: result: yes
configure:12378: checking fcntl.h usability
configure:12378: gcc -c -g -O2  conftest.c >&5
configure:12378: $? = 0
configure:12378: result: yes
configure:12378: checking fcntl.h presence
configure:12378: gcc -E  conftest.c
configure:12378: $? = 0
configure:12378: result: yes
configure:12378: checking for fcntl.h
configure:12378: result: yes
configure:12378: checking limits.h usability
configure:12378: gcc -c -g -O2  conftest.c >&5
configure:12378: $? = 0
configure:12378: result: yes
configure:12378: checking limits.h presence
configure:12378: gcc -E  conftest.c
configure:12378: $? = 0
configure:12378: result: yes
configure:12378: checking for limits.h
configure:12378: result: yes
configure:12378: checking malloc.h usability
configure:12378: gcc -c -g -O2  conftest.c >&5
configure:12378: $? = 0
configure:12378: result: yes
configure:12378: checking malloc.h presence
configure:12378: gcc -E  conftest.c
configure:12378: $? = 0
configure:12378: result: yes
configure:12378: checking for malloc.h
configure:12378: result: yes
configure:12378: checking for stdlib.h
configure:12378: result: yes
configure:12378: checking for string.h
configure:12378: result: yes
configure:12378: checking sys/mman.h usability
configure:12378: gcc -c -g -O2  conftest.c >&5
configure:12378: $? = 0
configure:12378: result: yes
configure:12378: checking sys/mman.h presence
configure:12378: gcc -E  conftest.c
configure:12378: $? = 0
configure:12378: result: yes
configure:12378: checking for sys/mman.h
configure:12378: result: yes
configure:12378: checking for sys/types.h
configure:12378: result: yes
configure:12378: checking for unistd.h
configure:12378: result: yes
configure:12405: checking for an ANSI C-conforming const
configure:12471: gcc -c -g -O2  conftest.c >&5
configure:12471: $? = 0
configure:12478: result: yes
configure:12486: checking for off_t
configure:12486: gcc -c -g -O2  conftest.c >&5
configure:12486: $? = 0
configure:12486: gcc -c -g -O2  conftest.c >&5
conftest.c: In function 'main':
conftest.c:70:20: error: expected expression before ')' token
 if (sizeof ((off_t)))
                    ^
configure:12486: $? = 1
configure: failed program was:
| /* confdefs.h */
| #define PACKAGE_NAME "SExtractor"
| #define PACKAGE_TARNAME "sextractor"
| #define PACKAGE_VERSION "2.24.4"
| #define PACKAGE_STRING "SExtractor 2.24.4"
| #define PACKAGE_BUGREPORT "astromatic@astromatic.net"
| #define PACKAGE_URL "http://astromatic.net/software/sextractor"
| #define PACKAGE "sextractor"
| #define VERSION "2.24.4"
| #define DATE "2022-04-27"
| #define STDC_HEADERS 1
| #define HAVE_SYS_TYPES_H 1
| #define HAVE_SYS_STAT_H 1
| #define HAVE_STDLIB_H 1
| #define HAVE_STRING_H 1
| #define HAVE_MEMORY_H 1
| #define HAVE_STRINGS_H 1
| #define HAVE_INTTYPES_H 1
| #define HAVE_STDINT_H 1
| #define HAVE_UNISTD_H 1
| #define HAVE_DLFCN_H 1
| #define LT_OBJDIR ".libs/"
| #define HAVE_LIBM 1
| #define STDC_HEADERS 1
| #define HAVE_FCNTL_H 1
| #define HAVE_LIMITS_H 1
| #define HAVE_MALLOC_H 1
| #define HAVE_STDLIB_H 1
| #define HAVE_STRING_H 1
| #define HAVE_SYS_MMAN_H 1
| #define HAVE_SYS_TYPES_H 1
| #define HAVE_UNISTD_H 1
| /* end confdefs.h.  */
| #include <stdio.h>
| #ifdef HAVE_SYS_TYPES_H
| # include <sys/types.h>
| #endif
| #ifdef HAVE_SYS_STAT_H
| # include <sys/stat.h>
| #endif
| #ifdef STDC_HEADERS
| # include <stdlib.h>
| # include <stddef.h>
| #else
| # ifdef HAVE_STDLIB_H
| #  include <stdlib.h>
| # endif
| #endif
| #ifdef HAVE_STRING_H
| # if !defined STDC_HEADERS && defined HAVE_MEMORY_H
| #  include <memory.h>
| # endif
| # include <string.h>
| #endif
| #ifdef HAVE_STRINGS_H
| # include <strings.h>
| #endif
| #ifdef HAVE_INTTYPES_H
| # include <inttypes.h>
| #endif
| #ifdef HAVE_STDINT_H
| # include <stdint.h>
| #endif
| #ifdef HAVE_UNISTD_H
| # include <unistd.h>
| #endif
| int
| main ()
| {
| if (sizeof ((off_t)))
| 	    return 0;
|   ;
|   return 0;
| }
configure:12486: result: yes
configure:12497: checking for size_t
configure:12497: gcc -c -g -O2  conftest.c >&5
configure:12497: $? = 0
configure:12497: gcc -c -g -O2  conftest.c >&5
conftest.c: In function 'main':
conftest.c:70:21: error: expected expression before ')' token
 if (sizeof ((size_t)))
                     ^
configure:12497: $? = 1
configure: failed program was:
| /* confdefs.h */
| #define PACKAGE_NAME "SExtractor"
| #define PACKAGE_TARNAME "sextractor"
| #define PACKAGE_VERSION "2.24.4"
| #define PACKAGE_STRING "SExtractor 2.24.4"
| #define PACKAGE_BUGREPORT "astromatic@astromatic.net"
| #define PACKAGE_URL "http://astromatic.net/software/sextractor"
| #define PACKAGE "sextractor"
| #define VERSION "2.24.4"
| #define DATE "2022-04-27"
| #define STDC_HEADERS 1
| #define HAVE_SYS_TYPES_H 1
| #define HAVE_SYS_STAT_H 1
| #define HAVE_STDLIB_H 1
| #define HAVE_STRING_H 1
| #define HAVE_MEMORY_H 1
| #define HAVE_STRINGS_H 1
| #define HAVE_INTTYPES_H 1
| #define HAVE_STDINT_H 1
| #define HAVE_UNISTD_H 1
| #define HAVE_DLFCN_H 1
| #define LT_OBJDIR ".libs/"
| #define HAVE_LIBM 1
| #define STDC_HEADERS 1
| #define HAVE_FCNTL_H 1
| #define HAVE_LIMITS_H 1
| #define HAVE_MALLOC_H 1
| #define HAVE_STDLIB_H 1
| #define HAVE_STRING_H 1
| #define HAVE_SYS_MMAN_H 1
| #define HAVE_SYS_TYPES_H 1
| #define HAVE_UNISTD_H 1
| /* end confdefs.h.  */
| #include <stdio.h>
| #ifdef HAVE_SYS_TYPES_H
| # include <sys/types.h>
| #endif
| #ifdef HAVE_SYS_STAT_H
| # include <sys/stat.h>
| #endif
| #ifdef STDC_HEADERS
| # include <stdlib.h>
| # include <stddef.h>
| #else
| # ifdef HAVE_STDLIB_H
| #  include <stdlib.h>
| # endif
| #endif
| #ifdef HAVE_STRING_H
| # if !defined STDC_HEADERS && defined HAVE_MEMORY_H
| #  include <memory.h>
| # endif
| # include <string.h>
| #endif
| #ifdef HAVE_STRINGS_H
| # include <strings.h>
| #endif
| #ifdef HAVE_INTTYPES_H
| # include <inttypes.h>
| #endif
| #ifdef HAVE_STDINT_H
| # include <stdint.h>
| #endif
| #ifdef HAVE_UNISTD_H
| # include <unistd.h>
| #endif
| int
| main ()
| {
| if (sizeof ((size_t)))
| 	    return 0;
|   ;
|   return 0;
| }
configure:12497: result: yes
configure:12509: checking for unsigned long long int
configure:12548: gcc -o conftest -g -O2   conftest.c -lm  >&5
configure:12548: $? = 0
configure:12557: result: yes
configure:12567: checking for long long int
configure:12605: gcc -o conftest -g -O2   conftest.c -lm  >&5
configure:12605: $? = 0
configure:12605: ./conftest
configure:12605: $? = 0
configure:12617: result: yes
configure:12626: checking for unsigned long long int
configure:12674: result: yes
configure:12682: checking whether struct tm is in sys/time.h or time.h
configure:12702: gcc -c -g -O2  conftest.c >&5
configure:12702: $? = 0
configure:12709: result: time.h
configure:12717: checking for uid_t in sys/types.h
configure:12736: result: yes
configure:12749: checking for error_at_line
configure:12765: gcc -o conftest -g -O2   conftest.c -lm  >&5
configure:12765: $? = 0
configure:12773: result: yes
configure:12790: checking for stdlib.h
configure:12790: result: yes
configure:12790: checking for unistd.h
configure:12790: result: yes
configure:12790: checking for sys/param.h
configure:12790: gcc -c -g -O2  conftest.c >&5
configure:12790: $? = 0
configure:12790: result: yes
configure:12810: checking for getpagesize
configure:12810: gcc -o conftest -g -O2   conftest.c -lm  >&5
configure:12810: $? = 0
configure:12810: result: yes
configure:12819: checking for working mmap
configure:12966: gcc -o conftest -g -O2   conftest.c -lm  >&5
configure:12966: $? = 0
configure:12966: ./conftest
configure:12966: $? = 0
configure:12976: result: yes
configure:12985: checking return type of signal handlers
configure:13003: gcc -c -g -O2  conftest.c >&5
conftest.c: In function 'main':
conftest.c:48:1: error: void value not ignored as it ought to be
 return *(signal (0, 0)) (0) == 1;
 ^
configure:13003: $? = 1
configure: failed program was:
| /* confdefs.h */
| #define PACKAGE_NAME "SExtractor"
| #define PACKAGE_TARNAME "sextractor"
| #define PACKAGE_VERSION "2.24.4"
| #define PACKAGE_STRING "SExtractor 2.24.4"
| #define PACKAGE_BUGREPORT "astromatic@astromatic.net"
| #define PACKAGE_URL "http://astromatic.net/software/sextractor"
| #define PACKAGE "sextractor"
| #define VERSION "2.24.4"
| #define DATE "2022-04-27"
| #define STDC_HEADERS 1
| #define HAVE_SYS_TYPES_H 1
| #define HAVE_SYS_STAT_H 1
| #define HAVE_STDLIB_H 1
| #define HAVE_STRING_H 1
| #define HAVE_MEMORY_H 1
| #define HAVE_STRINGS_H 1
| #define HAVE_INTTYPES_H 1
| #define HAVE_STDINT_H 1
| #define HAVE_UNISTD_H 1
| #define HAVE_DLFCN_H 1
| #define LT_OBJDIR ".libs/"
| #define HAVE_LIBM 1
| #define STDC_HEADERS 1
| #define HAVE_FCNTL_H 1
| #define HAVE_LIMITS_H 1
| #define HAVE_MALLOC_H 1
| #define HAVE_STDLIB_H 1
| #define HAVE_STRING_H 1
| #define HAVE_SYS_MMAN_H 1
| #define HAVE_SYS_TYPES_H 1
| #define HAVE_UNISTD_H 1
| #define HAVE_UNSIGNED_LONG_LONG_INT 1
| #define HAVE_LONG_LONG_INT 1
| #define HAVE_UNSIGNED_LONG_LONG_INT 1
| #define HAVE_STDLIB_H 1
| #define HAVE_UNISTD_H 1
| #define HAVE_SYS_PARAM_H 1
| #define HAVE_GETPAGESIZE 1
| #define HAVE_MMAP 1
| /* end confdefs.h.  */
| #include <sys/types.h>
| #include <signal.h>
| 
| int
| main ()
| {
| return *(signal (0, 0)) (0) == 1;
|   ;
|   return 0;
| }
configure:13010: result: void
configure:13018: checking whether lstat correctly handles trailing slash
configure:13044: gcc -o conftest -g -O2   conftest.c -lm  >&5
configure:13044: $? = 0
configure:13044: ./conftest
configure:13044: $? = 0
configure:13061: result: yes
configure:13080: checking whether stat accepts an empty string
configure:13100: gcc -o conftest -g -O2   conftest.c -lm  >&5
configure:13100: $? = 0
configure:13100: ./conftest
configure:13100: $? = 0
configure:13110: result: no
configure:13128: checking for strftime
configure:13128: gcc -o conftest -g -O2   conftest.c -lm  >&5
conftest.c:67:6: warning: conflicting types for built-in function 'strftime' [enabled by default]
 char strftime ();
      ^
configure:13128: $? = 0
configure:13128: result: yes
configure:13185: checking for atexit
configure:13185: gcc -o conftest -g -O2   conftest.c -lm  >&5
configure:13185: $? = 0
configure:13185: result: yes
configure:13185: checking for getenv
configure:13185: gcc -o conftest -g -O2   conftest.c -lm  >&5
configure:13185: $? = 0
configure:13185: result: yes
configure:13185: checking for gettimeofday
configure:13185: gcc -o conftest -g -O2   conftest.c -lm  >&5
configure:13185: $? = 0
configure:13185: result: yes
configure:13185: checking for isinf
configure:13185: gcc -o conftest -g -O2   conftest.c -lm  >&5
conftest.c:71:6: warning: conflicting types for built-in function 'isinf' [enabled by default]
 char isinf ();
      ^
configure:13185: $? = 0
configure:13185: result: yes
configure:13185: checking for isnan
configure:13185: gcc -o conftest -g -O2   conftest.c -lm  >&5
conftest.c:72:6: warning: conflicting types for built-in function 'isnan' [enabled by default]
 char isnan ();
      ^
configure:13185: $? = 0
configure:13185: result: yes
configure:13185: checking for logf
configure:13185: gcc -o conftest -g -O2   conftest.c -lm  >&5
conftest.c:73:6: warning: conflicting types for built-in function 'logf' [enabled by default]
 char logf ();
      ^
configure:13185: $? = 0
configure:13185: result: yes
configure:13185: checking for memcpy
configure:13185: gcc -o conftest -g -O2   conftest.c -lm  >&5
conftest.c:74:6: warning: conflicting types for built-in function 'memcpy' [enabled by default]
 char memcpy ();
      ^
configure:13185: $? = 0
configure:13185: result: yes
configure:13185: checking for memmove
configure:13185: gcc -o conftest -g -O2   conftest.c -lm  >&5
conftest.c:75:6: warning: conflicting types for built-in function 'memmove' [enabled by default]
 char memmove ();
      ^
configure:13185: $? = 0
configure:13185: result: yes
configure:13185: checking for memset
configure:13185: gcc -o conftest -g -O2   conftest.c -lm  >&5
conftest.c:76:6: warning: conflicting types for built-in function 'memset' [enabled by default]
 char memset ();
      ^
configure:13185: $? = 0
configure:13185: result: yes
configure:13185: checking for mkdir
configure:13185: gcc -o conftest -g -O2   conftest.c -lm  >&5
configure:13185: $? = 0
configure:13185: result: yes
configure:13185: checking for munmap
configure:13185: gcc -o conftest -g -O2   conftest.c -lm  >&5
configure:13185: $? = 0
configure:13185: result: yes
configure:13185: checking for posix_memalign
configure:13185: gcc -o conftest -g -O2   conftest.c -lm  >&5
configure:13185: $? = 0
configure:13185: result: yes
configure:13185: checking for setlinebuf
configure:13185: gcc -o conftest -g -O2   conftest.c -lm  >&5
configure:13185: $? = 0
configure:13185: result: yes
configure:13185: checking for sincosf
configure:13185: gcc -o conftest -g -O2   conftest.c -lm  >&5
conftest.c:81:6: warning: conflicting types for built-in function 'sincosf' [enabled by default]
 char sincosf ();
      ^
configure:13185: $? = 0
configure:13185: result: yes
configure:13185: checking for strstr
configure:13185: gcc -o conftest -g -O2   conftest.c -lm  >&5
conftest.c:82:6: warning: conflicting types for built-in function 'strstr' [enabled by default]
 char strstr ();
      ^
configure:13185: $? = 0
configure:13185: result: yes
configure:13185: checking for sysconf
configure:13185: gcc -o conftest -g -O2   conftest.c -lm  >&5
configure:13185: $? = 0
configure:13185: result: yes
configure:13203: checking for special C compiler options needed for large files
configure:13248: result: no
configure:13254: checking for _FILE_OFFSET_BITS value needed for large files
configure:13279: gcc -c -g -O2  conftest.c >&5
configure:13279: $? = 0
configure:13311: result: no
configure:13396: checking for _LARGEFILE_SOURCE value needed for large files
configure:13415: gcc -o conftest -g -O2   conftest.c -lm  >&5
configure:13415: $? = 0
configure:13443: result: no
configure:13502: checking whether OpenBLAS is enabled
configure:13509: result: no
configure:13570: checking if model-fitting should be disabled (default=enabled)
configure:13582: result: no
configure:13608: checking for profiler mode
configure:13618: checking best linking option
configure:13625: result: no
configure:14158: checking fftw3.h usability
configure:14158: gcc -c -g -O2  conftest.c >&5
configure:14158: $? = 0
configure:14158: result: yes
configure:14158: checking fftw3.h presence
configure:14158: gcc -E  conftest.c
configure:14158: $? = 0
configure:14158: result: yes
configure:14158: checking for fftw3.h
configure:14158: result: yes
configure:14238: checking for fftwf_execute in -lfftw3f
configure:14263: gcc -o conftest -g -O2   conftest.c -lfftw3f -lm  >&5
configure:14263: $? = 0
configure:14272: result: yes
configure:15150: checking cblas.h usability
configure:15150: gcc -c -g -O2  conftest.c >&5
configure:15150: $? = 0
configure:15150: result: yes
configure:15150: checking cblas.h presence
configure:15150: gcc -E  conftest.c
configure:15150: $? = 0
configure:15150: result: yes
configure:15150: checking for cblas.h
configure:15150: result: yes
configure:15150: checking clapack.h usability
configure:15150: gcc -c -g -O2  conftest.c >&5
configure:15150: $? = 0
configure:15150: result: yes
configure:15150: checking clapack.h presence
configure:15150: gcc -E  conftest.c
configure:15150: $? = 0
configure:15150: result: yes
configure:15150: checking for clapack.h
configure:15150: result: yes
configure:15246: checking for library containing clapack_dpotrf
configure:15278: gcc -o conftest -g -O2   conftest.c  >&5
/scratch/midway2/dhayaa/TMP_DIR/cccLiMSp.o: In function `main':
/home/dhayaa/Desktop/DECADE/Y6DESDM/sextractor-2.24.4/conftest.c:82: undefined reference to `clapack_dpotrf'
collect2: error: ld returned 1 exit status
configure:15278: $? = 1
configure: failed program was:
| /* confdefs.h */
| #define PACKAGE_NAME "SExtractor"
| #define PACKAGE_TARNAME "sextractor"
| #define PACKAGE_VERSION "2.24.4"
| #define PACKAGE_STRING "SExtractor 2.24.4"
| #define PACKAGE_BUGREPORT "astromatic@astromatic.net"
| #define PACKAGE_URL "http://astromatic.net/software/sextractor"
| #define PACKAGE "sextractor"
| #define VERSION "2.24.4"
| #define DATE "2022-04-27"
| #define STDC_HEADERS 1
| #define HAVE_SYS_TYPES_H 1
| #define HAVE_SYS_STAT_H 1
| #define HAVE_STDLIB_H 1
| #define HAVE_STRING_H 1
| #define HAVE_MEMORY_H 1
| #define HAVE_STRINGS_H 1
| #define HAVE_INTTYPES_H 1
| #define HAVE_STDINT_H 1
| #define HAVE_UNISTD_H 1
| #define HAVE_DLFCN_H 1
| #define LT_OBJDIR ".libs/"
| #define HAVE_LIBM 1
| #define STDC_HEADERS 1
| #define HAVE_FCNTL_H 1
| #define HAVE_LIMITS_H 1
| #define HAVE_MALLOC_H 1
| #define HAVE_STDLIB_H 1
| #define HAVE_STRING_H 1
| #define HAVE_SYS_MMAN_H 1
| #define HAVE_SYS_TYPES_H 1
| #define HAVE_UNISTD_H 1
| #define HAVE_UNSIGNED_LONG_LONG_INT 1
| #define HAVE_LONG_LONG_INT 1
| #define HAVE_UNSIGNED_LONG_LONG_INT 1
| #define HAVE_STDLIB_H 1
| #define HAVE_UNISTD_H 1
| #define HAVE_SYS_PARAM_H 1
| #define HAVE_GETPAGESIZE 1
| #define HAVE_MMAP 1
| #define RETSIGTYPE void
| #define LSTAT_FOLLOWS_SLASHED_SYMLINK 1
| #define HAVE_STRFTIME 1
| #define HAVE_ATEXIT 1
| #define HAVE_GETENV 1
| #define HAVE_GETTIMEOFDAY 1
| #define HAVE_ISINF 1
| #define HAVE_ISNAN 1
| #define HAVE_LOGF 1
| #define HAVE_MEMCPY 1
| #define HAVE_MEMMOVE 1
| #define HAVE_MEMSET 1
| #define HAVE_MKDIR 1
| #define HAVE_MUNMAP 1
| #define HAVE_POSIX_MEMALIGN 1
| #define HAVE_SETLINEBUF 1
| #define HAVE_SINCOSF 1
| #define HAVE_STRSTR 1
| #define HAVE_SYSCONF 1
| #define HAVE_FSEEKO 1
| #define XSL_URL "file:///usr/local/share/sextractor/sextractor.xsl"
| #define THREADS_NMAX 1024
| #define USE_MODEL 1
| #define FFTW_H "fftw3.h"
| #define HAVE_FFTWF 1
| #define HAVE_CBLAS_H 1
| #define HAVE_CLAPACK_H 1
| #define ATLAS_BLAS_H "cblas.h"
| #define ATLAS_LAPACK_H "clapack.h"
| /* end confdefs.h.  */
| 
| /* Override any GCC internal prototype to avoid an error.
|    Use char because int might match the return type of a GCC
|    builtin and then its argument prototype would still apply.  */
| #ifdef __cplusplus
| extern "C"
| #endif
| char clapack_dpotrf ();
| int
| main ()
| {
| return clapack_dpotrf ();
|   ;
|   return 0;
| }
configure:15278: gcc -o conftest -g -O2   conftest.c -lsatlas -L/usr/lib64/atlas
    >&5
configure:15278: $? = 0
configure:15295: result: -lsatlas
configure:15557: result: ***************************************************************
configure:15559: result: Compile cmdline:  gcc    -g -O2
configure:15561: result: Link    cmdline:  gcc   -L/usr/lib64/atlas -lsatlas -lfftw3f -lm 
configure:15563: result: Default XSLT URL: 
configure:15565: result: ***************************************************************
configure:15595: checking that generated files are newer than configure
configure:15601: result: done
configure:15632: creating ./config.status

## ---------------------- ##
## Running config.status. ##
## ---------------------- ##

This file was extended by SExtractor config.status 2.24.4, which was
generated by GNU Autoconf 2.69.  Invocation command line was

  CONFIG_FILES    = 
  CONFIG_HEADERS  = 
  CONFIG_LINKS    = 
  CONFIG_COMMANDS = 
  $ ./config.status 

on midway2-login1.rcc.local

config.status:1176: creating Makefile
config.status:1176: creating sextractor.spec
config.status:1176: creating debian/Makefile
config.status:1176: creating debian/changelog
config.status:1176: creating doc/Makefile
config.status:1176: creating doc/src/conf.py
config.status:1176: creating man/Makefile
config.status:1176: creating man/sex.1
config.status:1176: creating src/Makefile
config.status:1176: creating src/fits/Makefile
config.status:1176: creating src/levmar/Makefile
config.status:1176: creating src/wcs/Makefile
config.status:1176: creating tests/Makefile
config.status:1176: creating config.h
config.status:1405: executing depfiles commands
config.status:1405: executing libtool commands

## ---------------- ##
## Cache variables. ##
## ---------------- ##

ac_cv_build=x86_64-unknown-linux-gnu
ac_cv_c_compiler_gnu=yes
ac_cv_c_const=yes
ac_cv_env_CC_set=
ac_cv_env_CC_value=
ac_cv_env_CFLAGS_set=
ac_cv_env_CFLAGS_value=
ac_cv_env_CPPFLAGS_set=
ac_cv_env_CPPFLAGS_value=
ac_cv_env_CPP_set=
ac_cv_env_CPP_value=
ac_cv_env_LDFLAGS_set=
ac_cv_env_LDFLAGS_value=
ac_cv_env_LIBS_set=
ac_cv_env_LIBS_value=
ac_cv_env_LT_SYS_LIBRARY_PATH_set=
ac_cv_env_LT_SYS_LIBRARY_PATH_value=
ac_cv_env_build_alias_set=
ac_cv_env_build_alias_value=
ac_cv_env_host_alias_set=
ac_cv_env_host_alias_value=
ac_cv_env_target_alias_set=
ac_cv_env_target_alias_value=
ac_cv_func_atexit=yes
ac_cv_func_getenv=yes
ac_cv_func_getpagesize=yes
ac_cv_func_gettimeofday=yes
ac_cv_func_isinf=yes
ac_cv_func_isnan=yes
ac_cv_func_logf=yes
ac_cv_func_lstat_dereferences_slashed_symlink=yes
ac_cv_func_memcpy=yes
ac_cv_func_memmove=yes
ac_cv_func_memset=yes
ac_cv_func_mkdir=yes
ac_cv_func_mmap_fixed_mapped=yes
ac_cv_func_munmap=yes
ac_cv_func_posix_memalign=yes
ac_cv_func_setlinebuf=yes
ac_cv_func_sincosf=yes
ac_cv_func_stat_empty_string_bug=no
ac_cv_func_strftime=yes
ac_cv_func_strstr=yes
ac_cv_func_sysconf=yes
ac_cv_header_cblas_h=yes
ac_cv_header_clapack_h=yes
ac_cv_header_dlfcn_h=yes
ac_cv_header_fcntl_h=yes
ac_cv_header_fftw3_h=yes
ac_cv_header_inttypes_h=yes
ac_cv_header_limits_h=yes
ac_cv_header_malloc_h=yes
ac_cv_header_memory_h=yes
ac_cv_header_stdc=yes
ac_cv_header_stdint_h=yes
ac_cv_header_stdlib_h=yes
ac_cv_header_string_h=yes
ac_cv_header_strings_h=yes
ac_cv_header_sys_mman_h=yes
ac_cv_header_sys_param_h=yes
ac_cv_header_sys_stat_h=yes
ac_cv_header_sys_types_h=yes
ac_cv_header_unistd_h=yes
ac_cv_host=x86_64-unknown-linux-gnu
ac_cv_lib_error_at_line=yes
ac_cv_lib_fftw3f_fftwf_execute=yes
ac_cv_lib_m_sin=yes
ac_cv_objext=o
ac_cv_path_EGREP='/bin/grep -E'
ac_cv_path_FGREP='/bin/grep -F'
ac_cv_path_GREP=/bin/grep
ac_cv_path_SED=/bin/sed
ac_cv_path_install='/bin/install -c'
ac_cv_path_lt_DD=/bin/dd
ac_cv_path_mkdir=/bin/mkdir
ac_cv_prog_AWK=gawk
ac_cv_prog_CPP='gcc -E'
ac_cv_prog_ac_ct_AR=ar
ac_cv_prog_ac_ct_CC=gcc
ac_cv_prog_ac_ct_OBJDUMP=objdump
ac_cv_prog_ac_ct_RANLIB=ranlib
ac_cv_prog_ac_ct_STRIP=strip
ac_cv_prog_cc_c89=
ac_cv_prog_cc_g=yes
ac_cv_prog_make_make_set=yes
ac_cv_search_clapack_dpotrf=-lsatlas
ac_cv_search_strerror='none required'
ac_cv_struct_tm=time.h
ac_cv_sys_file_offset_bits=no
ac_cv_sys_largefile_CC=no
ac_cv_sys_largefile_source=no
ac_cv_type_long_long_int=yes
ac_cv_type_off_t=yes
ac_cv_type_signal=void
ac_cv_type_size_t=yes
ac_cv_type_uid_t=yes
ac_cv_type_unsigned_long_long_int=yes
am_cv_CC_dependencies_compiler_type=gcc3
am_cv_make_support_nested_variables=yes
lt_cv_ar_at_file=@
lt_cv_archive_cmds_need_lc=no
lt_cv_deplibs_check_method=pass_all
lt_cv_file_magic_cmd='$MAGIC_CMD'
lt_cv_file_magic_test_file=
lt_cv_ld_reload_flag=-r
lt_cv_nm_interface='BSD nm'
lt_cv_objdir=.libs
lt_cv_path_LD=/bin/ld
lt_cv_path_NM='/bin/nm -B'
lt_cv_path_mainfest_tool=no
lt_cv_prog_compiler_c_o=yes
lt_cv_prog_compiler_pic='-fPIC -DPIC'
lt_cv_prog_compiler_pic_works=yes
lt_cv_prog_compiler_rtti_exceptions=no
lt_cv_prog_compiler_static_works=yes
lt_cv_prog_gnu_ld=yes
lt_cv_sharedlib_from_linklib_cmd='printf %s\n'
lt_cv_shlibpath_overrides_runpath=no
lt_cv_sys_global_symbol_pipe='sed -n -e '\''s/^.*[	 ]\([ABCDGIRSTW][ABCDGIRSTW]*\)[	 ][	 ]*\([_A-Za-z][_A-Za-z0-9]*\)$/\1 \2 \2/p'\'' | sed '\''/ __gnu_lto/d'\'''
lt_cv_sys_global_symbol_to_c_name_address='sed -n -e '\''s/^: \(.*\) .*$/  {"\1", (void *) 0},/p'\'' -e '\''s/^[ABCDGIRSTW][ABCDGIRSTW]* .* \(.*\)$/  {"\1", (void *) \&\1},/p'\'''
lt_cv_sys_global_symbol_to_c_name_address_lib_prefix='sed -n -e '\''s/^: \(.*\) .*$/  {"\1", (void *) 0},/p'\'' -e '\''s/^[ABCDGIRSTW][ABCDGIRSTW]* .* \(lib.*\)$/  {"\1", (void *) \&\1},/p'\'' -e '\''s/^[ABCDGIRSTW][ABCDGIRSTW]* .* \(.*\)$/  {"lib\1", (void *) \&\1},/p'\'''
lt_cv_sys_global_symbol_to_cdecl='sed -n -e '\''s/^T .* \(.*\)$/extern int \1();/p'\'' -e '\''s/^[ABCDGIRSTW][ABCDGIRSTW]* .* \(.*\)$/extern char \1;/p'\'''
lt_cv_sys_global_symbol_to_import=
lt_cv_sys_max_cmd_len=1572864
lt_cv_to_host_file_cmd=func_convert_file_noop
lt_cv_to_tool_file_cmd=func_convert_file_noop
lt_cv_truncate_bin='/bin/dd bs=4096 count=1'

## ----------------- ##
## Output variables. ##
## ----------------- ##

ACLOCAL='${SHELL} /home/dhayaa/Desktop/DECADE/Y6DESDM/sextractor-2.24.4/autoconf/missing aclocal-1.13'
AMDEPBACKSLASH='\'
AMDEP_FALSE='#'
AMDEP_TRUE=''
AMTAR='$${TAR-tar}'
AM_BACKSLASH='\'
AM_CFLAGS=''
AM_CPPFLAGS=''
AM_DEFAULT_V='$(AM_DEFAULT_VERBOSITY)'
AM_DEFAULT_VERBOSITY='1'
AM_LDFLAGS=''
AM_V='$(V)'
AR='ar'
ATLAS_CFLAGS=''
ATLAS_ERROR=''
ATLAS_LDFLAGS=''
ATLAS_LIBS='-L/usr/lib64/atlas -lsatlas'
ATLAS_WARN=''
AUTOCONF='${SHELL} /home/dhayaa/Desktop/DECADE/Y6DESDM/sextractor-2.24.4/autoconf/missing autoconf'
AUTOHEADER='${SHELL} /home/dhayaa/Desktop/DECADE/Y6DESDM/sextractor-2.24.4/autoconf/missing autoheader'
AUTOMAKE='${SHELL} /home/dhayaa/Desktop/DECADE/Y6DESDM/sextractor-2.24.4/autoconf/missing automake-1.13'
AWK='gawk'
CC='gcc'
CCDEPMODE='depmode=gcc3'
CFLAGS='-g -O2'
CPP='gcc -E'
CPPFLAGS=''
CYGPATH_W='echo'
DATE1='Wed, 27 Apr 2022 11:53:23 -0500'
DATE2='Wed Apr 27 2022'
DATE3='April 2022'
DEFS='-DHAVE_CONFIG_H'
DEPDIR='.deps'
DLLTOOL='false'
DSYMUTIL=''
DUMPBIN=''
ECHO_C=''
ECHO_N='-n'
ECHO_T=''
EGREP='/bin/grep -E'
EXEEXT=''
FFTW_ERROR=''
FFTW_LIBS='-lfftw3f'
FFTW_WARN=''
FGREP='/bin/grep -F'
GREP='/bin/grep'
INSTALL_DATA='${INSTALL} -m 644'
INSTALL_PROGRAM='${INSTALL}'
INSTALL_SCRIPT='${INSTALL}'
INSTALL_STRIP_PROGRAM='$(install_sh) -c -s'
LD='/bin/ld -m elf_x86_64'
LDFLAGS=''
LIBOBJS=''
LIBS='-L/usr/lib64/atlas -lsatlas -lfftw3f -lm '
LIBTOOL='$(SHELL) $(top_builddir)/libtool'
LIPO=''
LN_S='ln -s'
LTLIBOBJS=''
LT_SYS_LIBRARY_PATH=''
MAKEINFO='${SHELL} /home/dhayaa/Desktop/DECADE/Y6DESDM/sextractor-2.24.4/autoconf/missing makeinfo'
MANIFEST_TOOL=':'
MKDIR_P='/bin/mkdir -p'
MKL_CFLAGS=''
MKL_LDFLAGS=''
MKL_LIBS=''
MKL_WARN=''
NM='/bin/nm -B'
NMEDIT=''
OBJDUMP='objdump'
OBJEXT='o'
OPENBLAS_CFLAGS=''
OPENBLAS_ERROR=''
OPENBLAS_LDFLAGS=''
OPENBLAS_LIBS=''
OPENBLAS_WARN=''
OTOOL64=''
OTOOL=''
PACKAGE='sextractor'
PACKAGER='AstrOmatic'
PACKAGE_BUGREPORT='astromatic@astromatic.net'
PACKAGE_NAME='SExtractor'
PACKAGE_STRING='SExtractor 2.24.4'
PACKAGE_TARNAME='sextractor'
PACKAGE_URL='http://astromatic.net/software/sextractor'
PACKAGE_VERSION='2.24.4'
PATH_SEPARATOR=':'
PTHREAD_CC=''
PTHREAD_CFLAGS=''
PTHREAD_LIBS=''
RANLIB='ranlib'
SED='/bin/sed'
SET_MAKE=''
SHELL='/bin/sh'
STRIP='strip'
USE_MODEL_FALSE='#'
USE_MODEL_TRUE=''
USE_THREADS_FALSE=''
USE_THREADS_TRUE='#'
VERSION='2.24.4'
ac_ct_AR='ar'
ac_ct_CC='gcc'
ac_ct_DUMPBIN=''
am__EXEEXT_FALSE=''
am__EXEEXT_TRUE='#'
am__fastdepCC_FALSE='#'
am__fastdepCC_TRUE=''
am__include='include'
am__isrc=''
am__leading_dot='.'
am__nodep='_no'
am__quote=''
am__tar='$${TAR-tar} chof - "$$tardir"'
am__untar='$${TAR-tar} xf -'
bindir='${exec_prefix}/bin'
build='x86_64-unknown-linux-gnu'
build_alias=''
build_cpu='x86_64'
build_os='linux-gnu'
build_vendor='unknown'
datadir='${datarootdir}'
datarootdir='${prefix}/share'
docdir='${datarootdir}/doc/${PACKAGE_TARNAME}'
dvidir='${docdir}'
exec_prefix='${prefix}'
host='x86_64-unknown-linux-gnu'
host_alias=''
host_cpu='x86_64'
host_os='linux-gnu'
host_vendor='unknown'
htmldir='${docdir}'
includedir='${prefix}/include'
infodir='${datarootdir}/info'
install_sh='${SHELL} /home/dhayaa/Desktop/DECADE/Y6DESDM/sextractor-2.24.4/autoconf/install-sh'
libdir='${exec_prefix}/lib'
libexecdir='${exec_prefix}/libexec'
localedir='${datarootdir}/locale'
localstatedir='${prefix}/var'
mandir='${datarootdir}/man'
mkdir_p='$(MKDIR_P)'
oldincludedir='/usr/include'
pdfdir='${docdir}'
prefix='/usr/local'
program_transform_name='s,x,x,'
psdir='${docdir}'
sbindir='${exec_prefix}/sbin'
sharedstatedir='${prefix}/com'
sysconfdir='${prefix}/etc'
target_alias=''

## ----------- ##
## confdefs.h. ##
## ----------- ##

/* confdefs.h */
#define PACKAGE_NAME "SExtractor"
#define PACKAGE_TARNAME "sextractor"
#define PACKAGE_VERSION "2.24.4"
#define PACKAGE_STRING "SExtractor 2.24.4"
#define PACKAGE_BUGREPORT "astromatic@astromatic.net"
#define PACKAGE_URL "http://astromatic.net/software/sextractor"
#define PACKAGE "sextractor"
#define VERSION "2.24.4"
#define DATE "2022-04-27"
#define STDC_HEADERS 1
#define HAVE_SYS_TYPES_H 1
#define HAVE_SYS_STAT_H 1
#define HAVE_STDLIB_H 1
#define HAVE_STRING_H 1
#define HAVE_MEMORY_H 1
#define HAVE_STRINGS_H 1
#define HAVE_INTTYPES_H 1
#define HAVE_STDINT_H 1
#define HAVE_UNISTD_H 1
#define HAVE_DLFCN_H 1
#define LT_OBJDIR ".libs/"
#define HAVE_LIBM 1
#define STDC_HEADERS 1
#define HAVE_FCNTL_H 1
#define HAVE_LIMITS_H 1
#define HAVE_MALLOC_H 1
#define HAVE_STDLIB_H 1
#define HAVE_STRING_H 1
#define HAVE_SYS_MMAN_H 1
#define HAVE_SYS_TYPES_H 1
#define HAVE_UNISTD_H 1
#define HAVE_UNSIGNED_LONG_LONG_INT 1
#define HAVE_LONG_LONG_INT 1
#define HAVE_UNSIGNED_LONG_LONG_INT 1
#define HAVE_STDLIB_H 1
#define HAVE_UNISTD_H 1
#define HAVE_SYS_PARAM_H 1
#define HAVE_GETPAGESIZE 1
#define HAVE_MMAP 1
#define RETSIGTYPE void
#define LSTAT_FOLLOWS_SLASHED_SYMLINK 1
#define HAVE_STRFTIME 1
#define HAVE_ATEXIT 1
#define HAVE_GETENV 1
#define HAVE_GETTIMEOFDAY 1
#define HAVE_ISINF 1
#define HAVE_ISNAN 1
#define HAVE_LOGF 1
#define HAVE_MEMCPY 1
#define HAVE_MEMMOVE 1
#define HAVE_MEMSET 1
#define HAVE_MKDIR 1
#define HAVE_MUNMAP 1
#define HAVE_POSIX_MEMALIGN 1
#define HAVE_SETLINEBUF 1
#define HAVE_SINCOSF 1
#define HAVE_STRSTR 1
#define HAVE_SYSCONF 1
#define HAVE_FSEEKO 1
#define XSL_URL "file:///usr/local/share/sextractor/sextractor.xsl"
#define THREADS_NMAX 1024
#define USE_MODEL 1
#define FFTW_H "fftw3.h"
#define HAVE_FFTWF 1
#define HAVE_CBLAS_H 1
#define HAVE_CLAPACK_H 1
#define ATLAS_BLAS_H "cblas.h"
#define ATLAS_LAPACK_H "clapack.h"
#define HAVE_ATLAS 1

configure: exit 0
