This file contains any messages produced by compilers while
running configure, to aid debugging if configure makes a mistake.

It was created by swarp configure 2.40.1, which was
generated by GNU Autoconf 2.69.  Invocation command line was

  $ ./configure --no-create --no-recursion

## --------- ##
## Platform. ##
## --------- ##

hostname = midway2-login1.rcc.local
uname -m = x86_64
uname -r = 3.10.0-1127.8.2.el7.x86_64
uname -s = Linux
uname -v = #1 SMP Wed May 13 10:45:47 CDT 2020

/usr/bin/uname -p = x86_64
/bin/uname -X     = unknown

/bin/arch              = x86_64
/usr/bin/arch -k       = unknown
/usr/convex/getsysinfo = unknown
/usr/bin/hostinfo      = unknown
/bin/machine           = unknown
/usr/bin/oslevel       = unknown
/bin/universe          = unknown

PATH: /home/dhayaa/.conda/envs/shear/bin
PATH: /software/python-anaconda-2020.02-el7-x86_64/condabin
PATH: /software/python-anaconda-2020.02-el7-x86_64/bin
PATH: /software/slurm-current-el7-x86_64/bin
PATH: /bin
PATH: /software/git-2.10-el7-x86_64/bin
PATH: /software/subversion-1.9.4-el7-x86_64/bin
PATH: /software/bin
PATH: /srv/adm/bin
PATH: /usr/lib64/qt-3.3/bin
PATH: /usr/local/bin
PATH: /usr/bin
PATH: /usr/local/sbin
PATH: /usr/sbin
PATH: /usr/lpp/mmfs/bin
PATH: /home/dhayaa/Desktop/DECADE/cfitsio-4.0.0
PATH: /home/dhayaa/bin


## ----------- ##
## Core tests. ##
## ----------- ##

configure:2276: checking for a BSD-compatible install
configure:2344: result: /bin/install -c
configure:2355: checking whether build environment is sane
configure:2410: result: yes
configure:2561: checking for a thread-safe mkdir -p
configure:2600: result: /bin/mkdir -p
configure:2607: checking for gawk
configure:2623: found /bin/gawk
configure:2634: result: gawk
configure:2645: checking whether make sets $(MAKE)
configure:2667: result: yes
configure:2793: result: *********** Configuring:  swarp 2.40.1 (2022-04-27) **********
configure:2797: checking if compilation flags are set automatically
configure:2804: result: no
configure:2810: checking whether we should use the INTEL compiler
configure:2818: result: no
configure:2843: checking for style of include used by make
configure:2871: result: GNU
configure:2942: checking for gcc
configure:2958: found /bin/gcc
configure:2969: result: gcc
configure:3198: checking for C compiler version
configure:3207: gcc --version >&5
gcc (GCC) 4.8.5 20150623 (Red Hat 4.8.5-28)
Copyright (C) 2015 Free Software Foundation, Inc.
This is free software; see the source for copying conditions.  There is NO
warranty; not even for MERCHANTABILITY or FITNESS FOR A PARTICULAR PURPOSE.

configure:3218: $? = 0
configure:3207: gcc -v >&5
Using built-in specs.
COLLECT_GCC=gcc
COLLECT_LTO_WRAPPER=/usr/libexec/gcc/x86_64-redhat-linux/4.8.5/lto-wrapper
Target: x86_64-redhat-linux
Configured with: ../configure --prefix=/usr --mandir=/usr/share/man --infodir=/usr/share/info --with-bugurl=http://bugzilla.redhat.com/bugzilla --enable-bootstrap --enable-shared --enable-threads=posix --enable-checking=release --with-system-zlib --enable-__cxa_atexit --disable-libunwind-exceptions --enable-gnu-unique-object --enable-linker-build-id --with-linker-hash-style=gnu --enable-languages=c,c++,objc,obj-c++,java,fortran,ada,go,lto --enable-plugin --enable-initfini-array --disable-libgcj --with-isl=/builddir/build/BUILD/gcc-4.8.5-20150702/obj-x86_64-redhat-linux/isl-install --with-cloog=/builddir/build/BUILD/gcc-4.8.5-20150702/obj-x86_64-redhat-linux/cloog-install --enable-gnu-indirect-function --with-tune=generic --with-arch_32=x86-64 --build=x86_64-redhat-linux
Thread model: posix
gcc version 4.8.5 20150623 (Red Hat 4.8.5-28) (GCC) 
configure:3218: $? = 0
configure:3207: gcc -V >&5
gcc: error: unrecognized command line option '-V'
gcc: fatal error: no input files
compilation terminated.
configure:3218: $? = 4
configure:3207: gcc -qversion >&5
gcc: error: unrecognized command line option '-qversion'
gcc: fatal error: no input files
compilation terminated.
configure:3218: $? = 4
configure:3238: checking whether the C compiler works
configure:3260: gcc    conftest.c  >&5
configure:3264: $? = 0
configure:3312: result: yes
configure:3315: checking for C compiler default output file name
configure:3317: result: a.out
configure:3323: checking for suffix of executables
configure:3330: gcc -o conftest    conftest.c  >&5
configure:3334: $? = 0
configure:3356: result: 
configure:3378: checking whether we are cross compiling
configure:3386: gcc -o conftest    conftest.c  >&5
configure:3390: $? = 0
configure:3397: ./conftest
configure:3401: $? = 0
configure:3416: result: no
configure:3421: checking for suffix of object files
configure:3443: gcc -c   conftest.c >&5
configure:3447: $? = 0
configure:3468: result: o
configure:3472: checking whether we are using the GNU C compiler
configure:3491: gcc -c   conftest.c >&5
configure:3491: $? = 0
configure:3500: result: yes
configure:3509: checking whether gcc accepts -g
configure:3529: gcc -c -g  conftest.c >&5
configure:3529: $? = 0
configure:3570: result: yes
configure:3587: checking for gcc option to accept ISO C89
configure:3650: gcc  -c -g -O2  conftest.c >&5
configure:3650: $? = 0
configure:3663: result: none needed
configure:3685: checking dependency style of gcc
configure:3796: result: gcc3
configure:3812: checking for library containing strerror
configure:3843: gcc -o conftest -g -O2   conftest.c  >&5
configure:3843: $? = 0
configure:3860: result: none required
configure:4003: checking for ranlib
configure:4019: found /bin/ranlib
configure:4030: result: ranlib
configure:4055: checking for sin in -lm
configure:4080: gcc -o conftest -g -O2   conftest.c -lm   >&5
conftest.c:19:6: warning: conflicting types for built-in function 'sin' [enabled by default]
 char sin ();
      ^
configure:4080: $? = 0
configure:4089: result: yes
configure:4107: checking how to run the C preprocessor
configure:4138: gcc -E  conftest.c
configure:4138: $? = 0
configure:4152: gcc -E  conftest.c
conftest.c:13:28: fatal error: ac_nonexistent.h: No such file or directory
 #include <ac_nonexistent.h>
                            ^
compilation terminated.
configure:4152: $? = 1
configure: failed program was:
| /* confdefs.h */
| #define PACKAGE_NAME "swarp"
| #define PACKAGE_TARNAME "swarp"
| #define PACKAGE_VERSION "2.40.1"
| #define PACKAGE_STRING "swarp 2.40.1"
| #define PACKAGE_BUGREPORT "bertin@iap.fr"
| #define PACKAGE_URL ""
| #define PACKAGE "swarp"
| #define VERSION "2.40.1"
| #define DATE "2022-04-27"
| #define HAVE_LIBM 1
| /* end confdefs.h.  */
| #include <ac_nonexistent.h>
configure:4177: result: gcc -E
configure:4197: gcc -E  conftest.c
configure:4197: $? = 0
configure:4211: gcc -E  conftest.c
conftest.c:13:28: fatal error: ac_nonexistent.h: No such file or directory
 #include <ac_nonexistent.h>
                            ^
compilation terminated.
configure:4211: $? = 1
configure: failed program was:
| /* confdefs.h */
| #define PACKAGE_NAME "swarp"
| #define PACKAGE_TARNAME "swarp"
| #define PACKAGE_VERSION "2.40.1"
| #define PACKAGE_STRING "swarp 2.40.1"
| #define PACKAGE_BUGREPORT "bertin@iap.fr"
| #define PACKAGE_URL ""
| #define PACKAGE "swarp"
| #define VERSION "2.40.1"
| #define DATE "2022-04-27"
| #define HAVE_LIBM 1
| /* end confdefs.h.  */
| #include <ac_nonexistent.h>
configure:4240: checking for grep that handles long lines and -e
configure:4298: result: /bin/grep
configure:4303: checking for egrep
configure:4365: result: /bin/grep -E
configure:4370: checking for ANSI C header files
configure:4390: gcc -c -g -O2  conftest.c >&5
configure:4390: $? = 0
configure:4463: gcc -o conftest -g -O2   conftest.c -lm  >&5
configure:4463: $? = 0
configure:4463: ./conftest
configure:4463: $? = 0
configure:4474: result: yes
configure:4487: checking for sys/types.h
configure:4487: gcc -c -g -O2  conftest.c >&5
configure:4487: $? = 0
configure:4487: result: yes
configure:4487: checking for sys/stat.h
configure:4487: gcc -c -g -O2  conftest.c >&5
configure:4487: $? = 0
configure:4487: result: yes
configure:4487: checking for stdlib.h
configure:4487: gcc -c -g -O2  conftest.c >&5
configure:4487: $? = 0
configure:4487: result: yes
configure:4487: checking for string.h
configure:4487: gcc -c -g -O2  conftest.c >&5
configure:4487: $? = 0
configure:4487: result: yes
configure:4487: checking for memory.h
configure:4487: gcc -c -g -O2  conftest.c >&5
configure:4487: $? = 0
configure:4487: result: yes
configure:4487: checking for strings.h
configure:4487: gcc -c -g -O2  conftest.c >&5
configure:4487: $? = 0
configure:4487: result: yes
configure:4487: checking for inttypes.h
configure:4487: gcc -c -g -O2  conftest.c >&5
configure:4487: $? = 0
configure:4487: result: yes
configure:4487: checking for stdint.h
configure:4487: gcc -c -g -O2  conftest.c >&5
configure:4487: $? = 0
configure:4487: result: yes
configure:4487: checking for unistd.h
configure:4487: gcc -c -g -O2  conftest.c >&5
configure:4487: $? = 0
configure:4487: result: yes
configure:4502: checking malloc.h usability
configure:4502: gcc -c -g -O2  conftest.c >&5
configure:4502: $? = 0
configure:4502: result: yes
configure:4502: checking malloc.h presence
configure:4502: gcc -E  conftest.c
configure:4502: $? = 0
configure:4502: result: yes
configure:4502: checking for malloc.h
configure:4502: result: yes
configure:4502: checking for unistd.h
configure:4502: result: yes
configure:4502: checking sys/mman.h usability
configure:4502: gcc -c -g -O2  conftest.c >&5
configure:4502: $? = 0
configure:4502: result: yes
configure:4502: checking sys/mman.h presence
configure:4502: gcc -E  conftest.c
configure:4502: $? = 0
configure:4502: result: yes
configure:4502: checking for sys/mman.h
configure:4502: result: yes
configure:4528: checking for an ANSI C-conforming const
configure:4594: gcc -c -g -O2  conftest.c >&5
configure:4594: $? = 0
configure:4601: result: yes
configure:4609: checking for off_t
configure:4609: gcc -c -g -O2  conftest.c >&5
configure:4609: $? = 0
configure:4609: gcc -c -g -O2  conftest.c >&5
conftest.c: In function 'main':
conftest.c:62:20: error: expected expression before ')' token
 if (sizeof ((off_t)))
                    ^
configure:4609: $? = 1
configure: failed program was:
| /* confdefs.h */
| #define PACKAGE_NAME "swarp"
| #define PACKAGE_TARNAME "swarp"
| #define PACKAGE_VERSION "2.40.1"
| #define PACKAGE_STRING "swarp 2.40.1"
| #define PACKAGE_BUGREPORT "bertin@iap.fr"
| #define PACKAGE_URL ""
| #define PACKAGE "swarp"
| #define VERSION "2.40.1"
| #define DATE "2022-04-27"
| #define HAVE_LIBM 1
| #define STDC_HEADERS 1
| #define HAVE_SYS_TYPES_H 1
| #define HAVE_SYS_STAT_H 1
| #define HAVE_STDLIB_H 1
| #define HAVE_STRING_H 1
| #define HAVE_MEMORY_H 1
| #define HAVE_STRINGS_H 1
| #define HAVE_INTTYPES_H 1
| #define HAVE_STDINT_H 1
| #define HAVE_UNISTD_H 1
| #define HAVE_MALLOC_H 1
| #define HAVE_UNISTD_H 1
| #define HAVE_SYS_MMAN_H 1
| /* end confdefs.h.  */
| #include <stdio.h>
| #ifdef HAVE_SYS_TYPES_H
| # include <sys/types.h>
| #endif
| #ifdef HAVE_SYS_STAT_H
| # include <sys/stat.h>
| #endif
| #ifdef STDC_HEADERS
| # include <stdlib.h>
| # include <stddef.h>
| #else
| # ifdef HAVE_STDLIB_H
| #  include <stdlib.h>
| # endif
| #endif
| #ifdef HAVE_STRING_H
| # if !defined STDC_HEADERS && defined HAVE_MEMORY_H
| #  include <memory.h>
| # endif
| # include <string.h>
| #endif
| #ifdef HAVE_STRINGS_H
| # include <strings.h>
| #endif
| #ifdef HAVE_INTTYPES_H
| # include <inttypes.h>
| #endif
| #ifdef HAVE_STDINT_H
| # include <stdint.h>
| #endif
| #ifdef HAVE_UNISTD_H
| # include <unistd.h>
| #endif
| int
| main ()
| {
| if (sizeof ((off_t)))
| 	    return 0;
|   ;
|   return 0;
| }
configure:4609: result: yes
configure:4620: checking for size_t
configure:4620: gcc -c -g -O2  conftest.c >&5
configure:4620: $? = 0
configure:4620: gcc -c -g -O2  conftest.c >&5
conftest.c: In function 'main':
conftest.c:62:21: error: expected expression before ')' token
 if (sizeof ((size_t)))
                     ^
configure:4620: $? = 1
configure: failed program was:
| /* confdefs.h */
| #define PACKAGE_NAME "swarp"
| #define PACKAGE_TARNAME "swarp"
| #define PACKAGE_VERSION "2.40.1"
| #define PACKAGE_STRING "swarp 2.40.1"
| #define PACKAGE_BUGREPORT "bertin@iap.fr"
| #define PACKAGE_URL ""
| #define PACKAGE "swarp"
| #define VERSION "2.40.1"
| #define DATE "2022-04-27"
| #define HAVE_LIBM 1
| #define STDC_HEADERS 1
| #define HAVE_SYS_TYPES_H 1
| #define HAVE_SYS_STAT_H 1
| #define HAVE_STDLIB_H 1
| #define HAVE_STRING_H 1
| #define HAVE_MEMORY_H 1
| #define HAVE_STRINGS_H 1
| #define HAVE_INTTYPES_H 1
| #define HAVE_STDINT_H 1
| #define HAVE_UNISTD_H 1
| #define HAVE_MALLOC_H 1
| #define HAVE_UNISTD_H 1
| #define HAVE_SYS_MMAN_H 1
| /* end confdefs.h.  */
| #include <stdio.h>
| #ifdef HAVE_SYS_TYPES_H
| # include <sys/types.h>
| #endif
| #ifdef HAVE_SYS_STAT_H
| # include <sys/stat.h>
| #endif
| #ifdef STDC_HEADERS
| # include <stdlib.h>
| # include <stddef.h>
| #else
| # ifdef HAVE_STDLIB_H
| #  include <stdlib.h>
| # endif
| #endif
| #ifdef HAVE_STRING_H
| # if !defined STDC_HEADERS && defined HAVE_MEMORY_H
| #  include <memory.h>
| # endif
| # include <string.h>
| #endif
| #ifdef HAVE_STRINGS_H
| # include <strings.h>
| #endif
| #ifdef HAVE_INTTYPES_H
| # include <inttypes.h>
| #endif
| #ifdef HAVE_STDINT_H
| # include <stdint.h>
| #endif
| #ifdef HAVE_UNISTD_H
| # include <unistd.h>
| #endif
| int
| main ()
| {
| if (sizeof ((size_t)))
| 	    return 0;
|   ;
|   return 0;
| }
configure:4620: result: yes
configure:4632: checking for long long int
configure:4669: gcc -o conftest -g -O2   conftest.c -lm  >&5
configure:4669: $? = 0
configure:4699: gcc -o conftest -g -O2   conftest.c -lm  >&5
configure:4699: $? = 0
configure:4699: ./conftest
configure:4699: $? = 0
configure:4714: result: yes
configure:4723: checking for unsigned long long int
configure:4760: gcc -o conftest -g -O2   conftest.c -lm  >&5
configure:4760: $? = 0
configure:4768: result: yes
configure:4776: checking for uid_t in sys/types.h
configure:4795: result: yes
configure:4806: checking whether struct tm is in sys/time.h or time.h
configure:4826: gcc -c -g -O2  conftest.c >&5
configure:4826: $? = 0
configure:4833: result: time.h
configure:4843: checking for error_at_line
configure:4859: gcc -o conftest -g -O2   conftest.c -lm  >&5
configure:4859: $? = 0
configure:4867: result: yes
configure:4884: checking for stdlib.h
configure:4884: result: yes
configure:4884: checking for unistd.h
configure:4884: result: yes
configure:4884: checking for sys/param.h
configure:4884: gcc -c -g -O2  conftest.c >&5
configure:4884: $? = 0
configure:4884: result: yes
configure:4904: checking for getpagesize
configure:4904: gcc -o conftest -g -O2   conftest.c -lm  >&5
configure:4904: $? = 0
configure:4904: result: yes
configure:4913: checking for working mmap
configure:5060: gcc -o conftest -g -O2   conftest.c -lm  >&5
configure:5060: $? = 0
configure:5060: ./conftest
configure:5060: $? = 0
configure:5070: result: yes
configure:5079: checking return type of signal handlers
configure:5097: gcc -c -g -O2  conftest.c >&5
conftest.c: In function 'main':
conftest.c:39:1: error: void value not ignored as it ought to be
 return *(signal (0, 0)) (0) == 1;
 ^
configure:5097: $? = 1
configure: failed program was:
| /* confdefs.h */
| #define PACKAGE_NAME "swarp"
| #define PACKAGE_TARNAME "swarp"
| #define PACKAGE_VERSION "2.40.1"
| #define PACKAGE_STRING "swarp 2.40.1"
| #define PACKAGE_BUGREPORT "bertin@iap.fr"
| #define PACKAGE_URL ""
| #define PACKAGE "swarp"
| #define VERSION "2.40.1"
| #define DATE "2022-04-27"
| #define HAVE_LIBM 1
| #define STDC_HEADERS 1
| #define HAVE_SYS_TYPES_H 1
| #define HAVE_SYS_STAT_H 1
| #define HAVE_STDLIB_H 1
| #define HAVE_STRING_H 1
| #define HAVE_MEMORY_H 1
| #define HAVE_STRINGS_H 1
| #define HAVE_INTTYPES_H 1
| #define HAVE_STDINT_H 1
| #define HAVE_UNISTD_H 1
| #define HAVE_MALLOC_H 1
| #define HAVE_UNISTD_H 1
| #define HAVE_SYS_MMAN_H 1
| #define HAVE_LONG_LONG_INT 1
| #define HAVE_UNSIGNED_LONG_LONG_INT 1
| #define HAVE_STDLIB_H 1
| #define HAVE_UNISTD_H 1
| #define HAVE_SYS_PARAM_H 1
| #define HAVE_GETPAGESIZE 1
| #define HAVE_MMAP 1
| /* end confdefs.h.  */
| #include <sys/types.h>
| #include <signal.h>
| 
| int
| main ()
| {
| return *(signal (0, 0)) (0) == 1;
|   ;
|   return 0;
| }
configure:5104: result: void
configure:5114: checking for strftime
configure:5114: gcc -o conftest -g -O2   conftest.c -lm  >&5
conftest.c:57:6: warning: conflicting types for built-in function 'strftime' [enabled by default]
 char strftime ();
      ^
configure:5114: $? = 0
configure:5114: result: yes
configure:5171: checking for atexit
configure:5171: gcc -o conftest -g -O2   conftest.c -lm  >&5
configure:5171: $? = 0
configure:5171: result: yes
configure:5171: checking for getenv
configure:5171: gcc -o conftest -g -O2   conftest.c -lm  >&5
configure:5171: $? = 0
configure:5171: result: yes
configure:5171: checking for gethostname
configure:5171: gcc -o conftest -g -O2   conftest.c -lm  >&5
configure:5171: $? = 0
configure:5171: result: yes
configure:5171: checking for memcpy
configure:5171: gcc -o conftest -g -O2   conftest.c -lm  >&5
conftest.c:61:6: warning: conflicting types for built-in function 'memcpy' [enabled by default]
 char memcpy ();
      ^
configure:5171: $? = 0
configure:5171: result: yes
configure:5171: checking for memmove
configure:5171: gcc -o conftest -g -O2   conftest.c -lm  >&5
conftest.c:62:6: warning: conflicting types for built-in function 'memmove' [enabled by default]
 char memmove ();
      ^
configure:5171: $? = 0
configure:5171: result: yes
configure:5171: checking for memset
configure:5171: gcc -o conftest -g -O2   conftest.c -lm  >&5
conftest.c:63:6: warning: conflicting types for built-in function 'memset' [enabled by default]
 char memset ();
      ^
configure:5171: $? = 0
configure:5171: result: yes
configure:5171: checking for mmap
configure:5171: gcc -o conftest -g -O2   conftest.c -lm  >&5
configure:5171: $? = 0
configure:5171: result: yes
configure:5171: checking for strstr
configure:5171: gcc -o conftest -g -O2   conftest.c -lm  >&5
conftest.c:65:6: warning: conflicting types for built-in function 'strstr' [enabled by default]
 char strstr ();
      ^
configure:5171: $? = 0
configure:5171: result: yes
configure:5171: checking for getrlimit
configure:5171: gcc -o conftest -g -O2   conftest.c -lm  >&5
configure:5171: $? = 0
configure:5171: result: yes
configure:5183: checking for cosd
configure:5183: gcc -o conftest -g -O2   conftest.c -lm  >&5
/scratch/midway2/dhayaa/TMP_DIR/ccxKkb6R.o: In function `main':
/home/dhayaa/Desktop/DECADE/Y6DESDM/swarp-2.40.1/conftest.c:78: undefined reference to `cosd'
collect2: error: ld returned 1 exit status
configure:5183: $? = 1
configure: failed program was:
| /* confdefs.h */
| #define PACKAGE_NAME "swarp"
| #define PACKAGE_TARNAME "swarp"
| #define PACKAGE_VERSION "2.40.1"
| #define PACKAGE_STRING "swarp 2.40.1"
| #define PACKAGE_BUGREPORT "bertin@iap.fr"
| #define PACKAGE_URL ""
| #define PACKAGE "swarp"
| #define VERSION "2.40.1"
| #define DATE "2022-04-27"
| #define HAVE_LIBM 1
| #define STDC_HEADERS 1
| #define HAVE_SYS_TYPES_H 1
| #define HAVE_SYS_STAT_H 1
| #define HAVE_STDLIB_H 1
| #define HAVE_STRING_H 1
| #define HAVE_MEMORY_H 1
| #define HAVE_STRINGS_H 1
| #define HAVE_INTTYPES_H 1
| #define HAVE_STDINT_H 1
| #define HAVE_UNISTD_H 1
| #define HAVE_MALLOC_H 1
| #define HAVE_UNISTD_H 1
| #define HAVE_SYS_MMAN_H 1
| #define HAVE_LONG_LONG_INT 1
| #define HAVE_UNSIGNED_LONG_LONG_INT 1
| #define HAVE_STDLIB_H 1
| #define HAVE_UNISTD_H 1
| #define HAVE_SYS_PARAM_H 1
| #define HAVE_GETPAGESIZE 1
| #define HAVE_MMAP 1
| #define RETSIGTYPE void
| #define HAVE_STRFTIME 1
| #define HAVE_ATEXIT 1
| #define HAVE_GETENV 1
| #define HAVE_GETHOSTNAME 1
| #define HAVE_MEMCPY 1
| #define HAVE_MEMMOVE 1
| #define HAVE_MEMSET 1
| #define HAVE_MMAP 1
| #define HAVE_STRSTR 1
| #define HAVE_GETRLIMIT 1
| /* end confdefs.h.  */
| /* Define cosd to an innocuous variant, in case <limits.h> declares cosd.
|    For example, HP-UX 11i <limits.h> declares gettimeofday.  */
| #define cosd innocuous_cosd
| 
| /* System header to define __stub macros and hopefully few prototypes,
|     which can conflict with char cosd (); below.
|     Prefer <limits.h> to <assert.h> if __STDC__ is defined, since
|     <limits.h> exists even on freestanding compilers.  */
| 
| #ifdef __STDC__
| # include <limits.h>
| #else
| # include <assert.h>
| #endif
| 
| #undef cosd
| 
| /* Override any GCC internal prototype to avoid an error.
|    Use char because int might match the return type of a GCC
|    builtin and then its argument prototype would still apply.  */
| #ifdef __cplusplus
| extern "C"
| #endif
| char cosd ();
| /* The GNU C library defines this for functions which it implements
|     to always fail with ENOSYS.  Some functions are actually named
|     something starting with __ and the normal name is an alias.  */
| #if defined __stub_cosd || defined __stub___cosd
| choke me
| #endif
| 
| int
| main ()
| {
| return cosd ();
|   ;
|   return 0;
| }
configure:5183: result: no
configure:5183: checking for sind
configure:5183: gcc -o conftest -g -O2   conftest.c -lm  >&5
/scratch/midway2/dhayaa/TMP_DIR/ccX5HD32.o: In function `main':
/home/dhayaa/Desktop/DECADE/Y6DESDM/swarp-2.40.1/conftest.c:78: undefined reference to `sind'
collect2: error: ld returned 1 exit status
configure:5183: $? = 1
configure: failed program was:
| /* confdefs.h */
| #define PACKAGE_NAME "swarp"
| #define PACKAGE_TARNAME "swarp"
| #define PACKAGE_VERSION "2.40.1"
| #define PACKAGE_STRING "swarp 2.40.1"
| #define PACKAGE_BUGREPORT "bertin@iap.fr"
| #define PACKAGE_URL ""
| #define PACKAGE "swarp"
| #define VERSION "2.40.1"
| #define DATE "2022-04-27"
| #define HAVE_LIBM 1
| #define STDC_HEADERS 1
| #define HAVE_SYS_TYPES_H 1
| #define HAVE_SYS_STAT_H 1
| #define HAVE_STDLIB_H 1
| #define HAVE_STRING_H 1
| #define HAVE_MEMORY_H 1
| #define HAVE_STRINGS_H 1
| #define HAVE_INTTYPES_H 1
| #define HAVE_STDINT_H 1
| #define HAVE_UNISTD_H 1
| #define HAVE_MALLOC_H 1
| #define HAVE_UNISTD_H 1
| #define HAVE_SYS_MMAN_H 1
| #define HAVE_LONG_LONG_INT 1
| #define HAVE_UNSIGNED_LONG_LONG_INT 1
| #define HAVE_STDLIB_H 1
| #define HAVE_UNISTD_H 1
| #define HAVE_SYS_PARAM_H 1
| #define HAVE_GETPAGESIZE 1
| #define HAVE_MMAP 1
| #define RETSIGTYPE void
| #define HAVE_STRFTIME 1
| #define HAVE_ATEXIT 1
| #define HAVE_GETENV 1
| #define HAVE_GETHOSTNAME 1
| #define HAVE_MEMCPY 1
| #define HAVE_MEMMOVE 1
| #define HAVE_MEMSET 1
| #define HAVE_MMAP 1
| #define HAVE_STRSTR 1
| #define HAVE_GETRLIMIT 1
| /* end confdefs.h.  */
| /* Define sind to an innocuous variant, in case <limits.h> declares sind.
|    For example, HP-UX 11i <limits.h> declares gettimeofday.  */
| #define sind innocuous_sind
| 
| /* System header to define __stub macros and hopefully few prototypes,
|     which can conflict with char sind (); below.
|     Prefer <limits.h> to <assert.h> if __STDC__ is defined, since
|     <limits.h> exists even on freestanding compilers.  */
| 
| #ifdef __STDC__
| # include <limits.h>
| #else
| # include <assert.h>
| #endif
| 
| #undef sind
| 
| /* Override any GCC internal prototype to avoid an error.
|    Use char because int might match the return type of a GCC
|    builtin and then its argument prototype would still apply.  */
| #ifdef __cplusplus
| extern "C"
| #endif
| char sind ();
| /* The GNU C library defines this for functions which it implements
|     to always fail with ENOSYS.  Some functions are actually named
|     something starting with __ and the normal name is an alias.  */
| #if defined __stub_sind || defined __stub___sind
| choke me
| #endif
| 
| int
| main ()
| {
| return sind ();
|   ;
|   return 0;
| }
configure:5183: result: no
configure:5183: checking for tand
configure:5183: gcc -o conftest -g -O2   conftest.c -lm  >&5
/scratch/midway2/dhayaa/TMP_DIR/cclIwLLc.o: In function `main':
/home/dhayaa/Desktop/DECADE/Y6DESDM/swarp-2.40.1/conftest.c:78: undefined reference to `tand'
collect2: error: ld returned 1 exit status
configure:5183: $? = 1
configure: failed program was:
| /* confdefs.h */
| #define PACKAGE_NAME "swarp"
| #define PACKAGE_TARNAME "swarp"
| #define PACKAGE_VERSION "2.40.1"
| #define PACKAGE_STRING "swarp 2.40.1"
| #define PACKAGE_BUGREPORT "bertin@iap.fr"
| #define PACKAGE_URL ""
| #define PACKAGE "swarp"
| #define VERSION "2.40.1"
| #define DATE "2022-04-27"
| #define HAVE_LIBM 1
| #define STDC_HEADERS 1
| #define HAVE_SYS_TYPES_H 1
| #define HAVE_SYS_STAT_H 1
| #define HAVE_STDLIB_H 1
| #define HAVE_STRING_H 1
| #define HAVE_MEMORY_H 1
| #define HAVE_STRINGS_H 1
| #define HAVE_INTTYPES_H 1
| #define HAVE_STDINT_H 1
| #define HAVE_UNISTD_H 1
| #define HAVE_MALLOC_H 1
| #define HAVE_UNISTD_H 1
| #define HAVE_SYS_MMAN_H 1
| #define HAVE_LONG_LONG_INT 1
| #define HAVE_UNSIGNED_LONG_LONG_INT 1
| #define HAVE_STDLIB_H 1
| #define HAVE_UNISTD_H 1
| #define HAVE_SYS_PARAM_H 1
| #define HAVE_GETPAGESIZE 1
| #define HAVE_MMAP 1
| #define RETSIGTYPE void
| #define HAVE_STRFTIME 1
| #define HAVE_ATEXIT 1
| #define HAVE_GETENV 1
| #define HAVE_GETHOSTNAME 1
| #define HAVE_MEMCPY 1
| #define HAVE_MEMMOVE 1
| #define HAVE_MEMSET 1
| #define HAVE_MMAP 1
| #define HAVE_STRSTR 1
| #define HAVE_GETRLIMIT 1
| /* end confdefs.h.  */
| /* Define tand to an innocuous variant, in case <limits.h> declares tand.
|    For example, HP-UX 11i <limits.h> declares gettimeofday.  */
| #define tand innocuous_tand
| 
| /* System header to define __stub macros and hopefully few prototypes,
|     which can conflict with char tand (); below.
|     Prefer <limits.h> to <assert.h> if __STDC__ is defined, since
|     <limits.h> exists even on freestanding compilers.  */
| 
| #ifdef __STDC__
| # include <limits.h>
| #else
| # include <assert.h>
| #endif
| 
| #undef tand
| 
| /* Override any GCC internal prototype to avoid an error.
|    Use char because int might match the return type of a GCC
|    builtin and then its argument prototype would still apply.  */
| #ifdef __cplusplus
| extern "C"
| #endif
| char tand ();
| /* The GNU C library defines this for functions which it implements
|     to always fail with ENOSYS.  Some functions are actually named
|     something starting with __ and the normal name is an alias.  */
| #if defined __stub_tand || defined __stub___tand
| choke me
| #endif
| 
| int
| main ()
| {
| return tand ();
|   ;
|   return 0;
| }
configure:5183: result: no
configure:5183: checking for acosd
configure:5183: gcc -o conftest -g -O2   conftest.c -lm  >&5
/scratch/midway2/dhayaa/TMP_DIR/ccQqvhNi.o: In function `main':
/home/dhayaa/Desktop/DECADE/Y6DESDM/swarp-2.40.1/conftest.c:78: undefined reference to `acosd'
collect2: error: ld returned 1 exit status
configure:5183: $? = 1
configure: failed program was:
| /* confdefs.h */
| #define PACKAGE_NAME "swarp"
| #define PACKAGE_TARNAME "swarp"
| #define PACKAGE_VERSION "2.40.1"
| #define PACKAGE_STRING "swarp 2.40.1"
| #define PACKAGE_BUGREPORT "bertin@iap.fr"
| #define PACKAGE_URL ""
| #define PACKAGE "swarp"
| #define VERSION "2.40.1"
| #define DATE "2022-04-27"
| #define HAVE_LIBM 1
| #define STDC_HEADERS 1
| #define HAVE_SYS_TYPES_H 1
| #define HAVE_SYS_STAT_H 1
| #define HAVE_STDLIB_H 1
| #define HAVE_STRING_H 1
| #define HAVE_MEMORY_H 1
| #define HAVE_STRINGS_H 1
| #define HAVE_INTTYPES_H 1
| #define HAVE_STDINT_H 1
| #define HAVE_UNISTD_H 1
| #define HAVE_MALLOC_H 1
| #define HAVE_UNISTD_H 1
| #define HAVE_SYS_MMAN_H 1
| #define HAVE_LONG_LONG_INT 1
| #define HAVE_UNSIGNED_LONG_LONG_INT 1
| #define HAVE_STDLIB_H 1
| #define HAVE_UNISTD_H 1
| #define HAVE_SYS_PARAM_H 1
| #define HAVE_GETPAGESIZE 1
| #define HAVE_MMAP 1
| #define RETSIGTYPE void
| #define HAVE_STRFTIME 1
| #define HAVE_ATEXIT 1
| #define HAVE_GETENV 1
| #define HAVE_GETHOSTNAME 1
| #define HAVE_MEMCPY 1
| #define HAVE_MEMMOVE 1
| #define HAVE_MEMSET 1
| #define HAVE_MMAP 1
| #define HAVE_STRSTR 1
| #define HAVE_GETRLIMIT 1
| /* end confdefs.h.  */
| /* Define acosd to an innocuous variant, in case <limits.h> declares acosd.
|    For example, HP-UX 11i <limits.h> declares gettimeofday.  */
| #define acosd innocuous_acosd
| 
| /* System header to define __stub macros and hopefully few prototypes,
|     which can conflict with char acosd (); below.
|     Prefer <limits.h> to <assert.h> if __STDC__ is defined, since
|     <limits.h> exists even on freestanding compilers.  */
| 
| #ifdef __STDC__
| # include <limits.h>
| #else
| # include <assert.h>
| #endif
| 
| #undef acosd
| 
| /* Override any GCC internal prototype to avoid an error.
|    Use char because int might match the return type of a GCC
|    builtin and then its argument prototype would still apply.  */
| #ifdef __cplusplus
| extern "C"
| #endif
| char acosd ();
| /* The GNU C library defines this for functions which it implements
|     to always fail with ENOSYS.  Some functions are actually named
|     something starting with __ and the normal name is an alias.  */
| #if defined __stub_acosd || defined __stub___acosd
| choke me
| #endif
| 
| int
| main ()
| {
| return acosd ();
|   ;
|   return 0;
| }
configure:5183: result: no
configure:5183: checking for asind
configure:5183: gcc -o conftest -g -O2   conftest.c -lm  >&5
/scratch/midway2/dhayaa/TMP_DIR/ccPyirMs.o: In function `main':
/home/dhayaa/Desktop/DECADE/Y6DESDM/swarp-2.40.1/conftest.c:78: undefined reference to `asind'
collect2: error: ld returned 1 exit status
configure:5183: $? = 1
configure: failed program was:
| /* confdefs.h */
| #define PACKAGE_NAME "swarp"
| #define PACKAGE_TARNAME "swarp"
| #define PACKAGE_VERSION "2.40.1"
| #define PACKAGE_STRING "swarp 2.40.1"
| #define PACKAGE_BUGREPORT "bertin@iap.fr"
| #define PACKAGE_URL ""
| #define PACKAGE "swarp"
| #define VERSION "2.40.1"
| #define DATE "2022-04-27"
| #define HAVE_LIBM 1
| #define STDC_HEADERS 1
| #define HAVE_SYS_TYPES_H 1
| #define HAVE_SYS_STAT_H 1
| #define HAVE_STDLIB_H 1
| #define HAVE_STRING_H 1
| #define HAVE_MEMORY_H 1
| #define HAVE_STRINGS_H 1
| #define HAVE_INTTYPES_H 1
| #define HAVE_STDINT_H 1
| #define HAVE_UNISTD_H 1
| #define HAVE_MALLOC_H 1
| #define HAVE_UNISTD_H 1
| #define HAVE_SYS_MMAN_H 1
| #define HAVE_LONG_LONG_INT 1
| #define HAVE_UNSIGNED_LONG_LONG_INT 1
| #define HAVE_STDLIB_H 1
| #define HAVE_UNISTD_H 1
| #define HAVE_SYS_PARAM_H 1
| #define HAVE_GETPAGESIZE 1
| #define HAVE_MMAP 1
| #define RETSIGTYPE void
| #define HAVE_STRFTIME 1
| #define HAVE_ATEXIT 1
| #define HAVE_GETENV 1
| #define HAVE_GETHOSTNAME 1
| #define HAVE_MEMCPY 1
| #define HAVE_MEMMOVE 1
| #define HAVE_MEMSET 1
| #define HAVE_MMAP 1
| #define HAVE_STRSTR 1
| #define HAVE_GETRLIMIT 1
| /* end confdefs.h.  */
| /* Define asind to an innocuous variant, in case <limits.h> declares asind.
|    For example, HP-UX 11i <limits.h> declares gettimeofday.  */
| #define asind innocuous_asind
| 
| /* System header to define __stub macros and hopefully few prototypes,
|     which can conflict with char asind (); below.
|     Prefer <limits.h> to <assert.h> if __STDC__ is defined, since
|     <limits.h> exists even on freestanding compilers.  */
| 
| #ifdef __STDC__
| # include <limits.h>
| #else
| # include <assert.h>
| #endif
| 
| #undef asind
| 
| /* Override any GCC internal prototype to avoid an error.
|    Use char because int might match the return type of a GCC
|    builtin and then its argument prototype would still apply.  */
| #ifdef __cplusplus
| extern "C"
| #endif
| char asind ();
| /* The GNU C library defines this for functions which it implements
|     to always fail with ENOSYS.  Some functions are actually named
|     something starting with __ and the normal name is an alias.  */
| #if defined __stub_asind || defined __stub___asind
| choke me
| #endif
| 
| int
| main ()
| {
| return asind ();
|   ;
|   return 0;
| }
configure:5183: result: no
configure:5183: checking for atand
configure:5183: gcc -o conftest -g -O2   conftest.c -lm  >&5
/scratch/midway2/dhayaa/TMP_DIR/ccfeYpWC.o: In function `main':
/home/dhayaa/Desktop/DECADE/Y6DESDM/swarp-2.40.1/conftest.c:78: undefined reference to `atand'
collect2: error: ld returned 1 exit status
configure:5183: $? = 1
configure: failed program was:
| /* confdefs.h */
| #define PACKAGE_NAME "swarp"
| #define PACKAGE_TARNAME "swarp"
| #define PACKAGE_VERSION "2.40.1"
| #define PACKAGE_STRING "swarp 2.40.1"
| #define PACKAGE_BUGREPORT "bertin@iap.fr"
| #define PACKAGE_URL ""
| #define PACKAGE "swarp"
| #define VERSION "2.40.1"
| #define DATE "2022-04-27"
| #define HAVE_LIBM 1
| #define STDC_HEADERS 1
| #define HAVE_SYS_TYPES_H 1
| #define HAVE_SYS_STAT_H 1
| #define HAVE_STDLIB_H 1
| #define HAVE_STRING_H 1
| #define HAVE_MEMORY_H 1
| #define HAVE_STRINGS_H 1
| #define HAVE_INTTYPES_H 1
| #define HAVE_STDINT_H 1
| #define HAVE_UNISTD_H 1
| #define HAVE_MALLOC_H 1
| #define HAVE_UNISTD_H 1
| #define HAVE_SYS_MMAN_H 1
| #define HAVE_LONG_LONG_INT 1
| #define HAVE_UNSIGNED_LONG_LONG_INT 1
| #define HAVE_STDLIB_H 1
| #define HAVE_UNISTD_H 1
| #define HAVE_SYS_PARAM_H 1
| #define HAVE_GETPAGESIZE 1
| #define HAVE_MMAP 1
| #define RETSIGTYPE void
| #define HAVE_STRFTIME 1
| #define HAVE_ATEXIT 1
| #define HAVE_GETENV 1
| #define HAVE_GETHOSTNAME 1
| #define HAVE_MEMCPY 1
| #define HAVE_MEMMOVE 1
| #define HAVE_MEMSET 1
| #define HAVE_MMAP 1
| #define HAVE_STRSTR 1
| #define HAVE_GETRLIMIT 1
| /* end confdefs.h.  */
| /* Define atand to an innocuous variant, in case <limits.h> declares atand.
|    For example, HP-UX 11i <limits.h> declares gettimeofday.  */
| #define atand innocuous_atand
| 
| /* System header to define __stub macros and hopefully few prototypes,
|     which can conflict with char atand (); below.
|     Prefer <limits.h> to <assert.h> if __STDC__ is defined, since
|     <limits.h> exists even on freestanding compilers.  */
| 
| #ifdef __STDC__
| # include <limits.h>
| #else
| # include <assert.h>
| #endif
| 
| #undef atand
| 
| /* Override any GCC internal prototype to avoid an error.
|    Use char because int might match the return type of a GCC
|    builtin and then its argument prototype would still apply.  */
| #ifdef __cplusplus
| extern "C"
| #endif
| char atand ();
| /* The GNU C library defines this for functions which it implements
|     to always fail with ENOSYS.  Some functions are actually named
|     something starting with __ and the normal name is an alias.  */
| #if defined __stub_atand || defined __stub___atand
| choke me
| #endif
| 
| int
| main ()
| {
| return atand ();
|   ;
|   return 0;
| }
configure:5183: result: no
configure:5183: checking for atan2d
configure:5183: gcc -o conftest -g -O2   conftest.c -lm  >&5
/scratch/midway2/dhayaa/TMP_DIR/ccvZSfPM.o: In function `main':
/home/dhayaa/Desktop/DECADE/Y6DESDM/swarp-2.40.1/conftest.c:78: undefined reference to `atan2d'
collect2: error: ld returned 1 exit status
configure:5183: $? = 1
configure: failed program was:
| /* confdefs.h */
| #define PACKAGE_NAME "swarp"
| #define PACKAGE_TARNAME "swarp"
| #define PACKAGE_VERSION "2.40.1"
| #define PACKAGE_STRING "swarp 2.40.1"
| #define PACKAGE_BUGREPORT "bertin@iap.fr"
| #define PACKAGE_URL ""
| #define PACKAGE "swarp"
| #define VERSION "2.40.1"
| #define DATE "2022-04-27"
| #define HAVE_LIBM 1
| #define STDC_HEADERS 1
| #define HAVE_SYS_TYPES_H 1
| #define HAVE_SYS_STAT_H 1
| #define HAVE_STDLIB_H 1
| #define HAVE_STRING_H 1
| #define HAVE_MEMORY_H 1
| #define HAVE_STRINGS_H 1
| #define HAVE_INTTYPES_H 1
| #define HAVE_STDINT_H 1
| #define HAVE_UNISTD_H 1
| #define HAVE_MALLOC_H 1
| #define HAVE_UNISTD_H 1
| #define HAVE_SYS_MMAN_H 1
| #define HAVE_LONG_LONG_INT 1
| #define HAVE_UNSIGNED_LONG_LONG_INT 1
| #define HAVE_STDLIB_H 1
| #define HAVE_UNISTD_H 1
| #define HAVE_SYS_PARAM_H 1
| #define HAVE_GETPAGESIZE 1
| #define HAVE_MMAP 1
| #define RETSIGTYPE void
| #define HAVE_STRFTIME 1
| #define HAVE_ATEXIT 1
| #define HAVE_GETENV 1
| #define HAVE_GETHOSTNAME 1
| #define HAVE_MEMCPY 1
| #define HAVE_MEMMOVE 1
| #define HAVE_MEMSET 1
| #define HAVE_MMAP 1
| #define HAVE_STRSTR 1
| #define HAVE_GETRLIMIT 1
| /* end confdefs.h.  */
| /* Define atan2d to an innocuous variant, in case <limits.h> declares atan2d.
|    For example, HP-UX 11i <limits.h> declares gettimeofday.  */
| #define atan2d innocuous_atan2d
| 
| /* System header to define __stub macros and hopefully few prototypes,
|     which can conflict with char atan2d (); below.
|     Prefer <limits.h> to <assert.h> if __STDC__ is defined, since
|     <limits.h> exists even on freestanding compilers.  */
| 
| #ifdef __STDC__
| # include <limits.h>
| #else
| # include <assert.h>
| #endif
| 
| #undef atan2d
| 
| /* Override any GCC internal prototype to avoid an error.
|    Use char because int might match the return type of a GCC
|    builtin and then its argument prototype would still apply.  */
| #ifdef __cplusplus
| extern "C"
| #endif
| char atan2d ();
| /* The GNU C library defines this for functions which it implements
|     to always fail with ENOSYS.  Some functions are actually named
|     something starting with __ and the normal name is an alias.  */
| #if defined __stub_atan2d || defined __stub___atan2d
| choke me
| #endif
| 
| int
| main ()
| {
| return atan2d ();
|   ;
|   return 0;
| }
configure:5183: result: no
configure:5183: checking for sincos
configure:5183: gcc -o conftest -g -O2   conftest.c -lm  >&5
conftest.c:67:6: warning: conflicting types for built-in function 'sincos' [enabled by default]
 char sincos ();
      ^
configure:5183: $? = 0
configure:5183: result: yes
configure:5192: checking for isnan
configure:5192: gcc -o conftest -g -O2   conftest.c -lm  >&5
conftest.c:68:6: warning: conflicting types for built-in function 'isnan' [enabled by default]
 char isnan ();
      ^
configure:5192: $? = 0
configure:5192: result: yes
configure:5210: checking for special C compiler options needed for large files
configure:5255: result: no
configure:5261: checking for _FILE_OFFSET_BITS value needed for large files
configure:5286: gcc -c -g -O2  conftest.c >&5
configure:5286: $? = 0
configure:5318: result: no
configure:5403: checking for _LARGEFILE_SOURCE value needed for large files
configure:5422: gcc -o conftest -g -O2   conftest.c -lm  >&5
configure:5422: $? = 0
configure:5450: result: no
configure:5535: checking for profiler mode
configure:5542: result: no
configure:5548: checking best linking option
configure:5555: result: no
configure:5567: checking for multithreading
configure:5569: result: maximum of 1024 thread(s)
configure:5579: checking build system type
configure:5593: result: x86_64-unknown-linux-gnu
configure:5613: checking host system type
configure:5626: result: x86_64-unknown-linux-gnu
configure:5653: checking pthread.h usability
configure:5653: gcc -c -g -O2  conftest.c >&5
configure:5653: $? = 0
configure:5653: result: yes
configure:5653: checking pthread.h presence
configure:5653: gcc -E  conftest.c
configure:5653: $? = 0
configure:5653: result: yes
configure:5653: checking for pthread.h
configure:5653: result: yes
configure:5765: checking for the pthreads library -lpthreads
configure:5798: gcc -o conftest -g -O2    conftest.c -lpthreads -lm  >&5
/bin/ld: cannot find -lpthreads
collect2: error: ld returned 1 exit status
configure:5798: $? = 1
configure: failed program was:
| /* confdefs.h */
| #define PACKAGE_NAME "swarp"
| #define PACKAGE_TARNAME "swarp"
| #define PACKAGE_VERSION "2.40.1"
| #define PACKAGE_STRING "swarp 2.40.1"
| #define PACKAGE_BUGREPORT "bertin@iap.fr"
| #define PACKAGE_URL ""
| #define PACKAGE "swarp"
| #define VERSION "2.40.1"
| #define DATE "2022-04-27"
| #define HAVE_LIBM 1
| #define STDC_HEADERS 1
| #define HAVE_SYS_TYPES_H 1
| #define HAVE_SYS_STAT_H 1
| #define HAVE_STDLIB_H 1
| #define HAVE_STRING_H 1
| #define HAVE_MEMORY_H 1
| #define HAVE_STRINGS_H 1
| #define HAVE_INTTYPES_H 1
| #define HAVE_STDINT_H 1
| #define HAVE_UNISTD_H 1
| #define HAVE_MALLOC_H 1
| #define HAVE_UNISTD_H 1
| #define HAVE_SYS_MMAN_H 1
| #define HAVE_LONG_LONG_INT 1
| #define HAVE_UNSIGNED_LONG_LONG_INT 1
| #define HAVE_STDLIB_H 1
| #define HAVE_UNISTD_H 1
| #define HAVE_SYS_PARAM_H 1
| #define HAVE_GETPAGESIZE 1
| #define HAVE_MMAP 1
| #define RETSIGTYPE void
| #define HAVE_STRFTIME 1
| #define HAVE_ATEXIT 1
| #define HAVE_GETENV 1
| #define HAVE_GETHOSTNAME 1
| #define HAVE_MEMCPY 1
| #define HAVE_MEMMOVE 1
| #define HAVE_MEMSET 1
| #define HAVE_MMAP 1
| #define HAVE_STRSTR 1
| #define HAVE_GETRLIMIT 1
| #define HAVE_SINCOS 1
| #define HAVE_ISNAN2 1
| #define HAVE_FSEEKO 1
| #define XSL_URL "file:///usr/local/share/swarp/swarp.xsl"
| #define THREADS_NMAX 1024
| #define USE_THREADS 1
| /* end confdefs.h.  */
| #include <pthread.h>
| int
| main ()
| {
| pthread_t th; pthread_join(th, 0);
|                      pthread_attr_init(0); pthread_cleanup_push(0, 0);
|                      pthread_create(0,0,0,0); pthread_cleanup_pop(0);
|   ;
|   return 0;
| }
configure:5807: result: no
configure:5754: checking whether pthreads work without any flags
configure:5798: gcc -o conftest -g -O2    conftest.c  -lm  >&5
/scratch/midway2/dhayaa/TMP_DIR/ccFGjAGO.o: In function `main':
/home/dhayaa/Desktop/DECADE/Y6DESDM/swarp-2.40.1/conftest.c:54: undefined reference to `pthread_join'
/home/dhayaa/Desktop/DECADE/Y6DESDM/swarp-2.40.1/conftest.c:55: undefined reference to `__pthread_register_cancel'
/home/dhayaa/Desktop/DECADE/Y6DESDM/swarp-2.40.1/conftest.c:56: undefined reference to `pthread_create'
/home/dhayaa/Desktop/DECADE/Y6DESDM/swarp-2.40.1/conftest.c:56: undefined reference to `__pthread_unregister_cancel'
collect2: error: ld returned 1 exit status
configure:5798: $? = 1
configure: failed program was:
| /* confdefs.h */
| #define PACKAGE_NAME "swarp"
| #define PACKAGE_TARNAME "swarp"
| #define PACKAGE_VERSION "2.40.1"
| #define PACKAGE_STRING "swarp 2.40.1"
| #define PACKAGE_BUGREPORT "bertin@iap.fr"
| #define PACKAGE_URL ""
| #define PACKAGE "swarp"
| #define VERSION "2.40.1"
| #define DATE "2022-04-27"
| #define HAVE_LIBM 1
| #define STDC_HEADERS 1
| #define HAVE_SYS_TYPES_H 1
| #define HAVE_SYS_STAT_H 1
| #define HAVE_STDLIB_H 1
| #define HAVE_STRING_H 1
| #define HAVE_MEMORY_H 1
| #define HAVE_STRINGS_H 1
| #define HAVE_INTTYPES_H 1
| #define HAVE_STDINT_H 1
| #define HAVE_UNISTD_H 1
| #define HAVE_MALLOC_H 1
| #define HAVE_UNISTD_H 1
| #define HAVE_SYS_MMAN_H 1
| #define HAVE_LONG_LONG_INT 1
| #define HAVE_UNSIGNED_LONG_LONG_INT 1
| #define HAVE_STDLIB_H 1
| #define HAVE_UNISTD_H 1
| #define HAVE_SYS_PARAM_H 1
| #define HAVE_GETPAGESIZE 1
| #define HAVE_MMAP 1
| #define RETSIGTYPE void
| #define HAVE_STRFTIME 1
| #define HAVE_ATEXIT 1
| #define HAVE_GETENV 1
| #define HAVE_GETHOSTNAME 1
| #define HAVE_MEMCPY 1
| #define HAVE_MEMMOVE 1
| #define HAVE_MEMSET 1
| #define HAVE_MMAP 1
| #define HAVE_STRSTR 1
| #define HAVE_GETRLIMIT 1
| #define HAVE_SINCOS 1
| #define HAVE_ISNAN2 1
| #define HAVE_FSEEKO 1
| #define XSL_URL "file:///usr/local/share/swarp/swarp.xsl"
| #define THREADS_NMAX 1024
| #define USE_THREADS 1
| /* end confdefs.h.  */
| #include <pthread.h>
| int
| main ()
| {
| pthread_t th; pthread_join(th, 0);
|                      pthread_attr_init(0); pthread_cleanup_push(0, 0);
|                      pthread_create(0,0,0,0); pthread_cleanup_pop(0);
|   ;
|   return 0;
| }
configure:5807: result: no
configure:5759: checking whether pthreads work with -Kthread
configure:5798: gcc -o conftest -g -O2 -Kthread   conftest.c  -lm  >&5
gcc: error: unrecognized command line option '-Kthread'
configure:5798: $? = 1
configure: failed program was:
| /* confdefs.h */
| #define PACKAGE_NAME "swarp"
| #define PACKAGE_TARNAME "swarp"
| #define PACKAGE_VERSION "2.40.1"
| #define PACKAGE_STRING "swarp 2.40.1"
| #define PACKAGE_BUGREPORT "bertin@iap.fr"
| #define PACKAGE_URL ""
| #define PACKAGE "swarp"
| #define VERSION "2.40.1"
| #define DATE "2022-04-27"
| #define HAVE_LIBM 1
| #define STDC_HEADERS 1
| #define HAVE_SYS_TYPES_H 1
| #define HAVE_SYS_STAT_H 1
| #define HAVE_STDLIB_H 1
| #define HAVE_STRING_H 1
| #define HAVE_MEMORY_H 1
| #define HAVE_STRINGS_H 1
| #define HAVE_INTTYPES_H 1
| #define HAVE_STDINT_H 1
| #define HAVE_UNISTD_H 1
| #define HAVE_MALLOC_H 1
| #define HAVE_UNISTD_H 1
| #define HAVE_SYS_MMAN_H 1
| #define HAVE_LONG_LONG_INT 1
| #define HAVE_UNSIGNED_LONG_LONG_INT 1
| #define HAVE_STDLIB_H 1
| #define HAVE_UNISTD_H 1
| #define HAVE_SYS_PARAM_H 1
| #define HAVE_GETPAGESIZE 1
| #define HAVE_MMAP 1
| #define RETSIGTYPE void
| #define HAVE_STRFTIME 1
| #define HAVE_ATEXIT 1
| #define HAVE_GETENV 1
| #define HAVE_GETHOSTNAME 1
| #define HAVE_MEMCPY 1
| #define HAVE_MEMMOVE 1
| #define HAVE_MEMSET 1
| #define HAVE_MMAP 1
| #define HAVE_STRSTR 1
| #define HAVE_GETRLIMIT 1
| #define HAVE_SINCOS 1
| #define HAVE_ISNAN2 1
| #define HAVE_FSEEKO 1
| #define XSL_URL "file:///usr/local/share/swarp/swarp.xsl"
| #define THREADS_NMAX 1024
| #define USE_THREADS 1
| /* end confdefs.h.  */
| #include <pthread.h>
| int
| main ()
| {
| pthread_t th; pthread_join(th, 0);
|                      pthread_attr_init(0); pthread_cleanup_push(0, 0);
|                      pthread_create(0,0,0,0); pthread_cleanup_pop(0);
|   ;
|   return 0;
| }
configure:5807: result: no
configure:5759: checking whether pthreads work with -kthread
configure:5798: gcc -o conftest -g -O2 -kthread   conftest.c  -lm  >&5
gcc: error: unrecognized command line option '-kthread'
configure:5798: $? = 1
configure: failed program was:
| /* confdefs.h */
| #define PACKAGE_NAME "swarp"
| #define PACKAGE_TARNAME "swarp"
| #define PACKAGE_VERSION "2.40.1"
| #define PACKAGE_STRING "swarp 2.40.1"
| #define PACKAGE_BUGREPORT "bertin@iap.fr"
| #define PACKAGE_URL ""
| #define PACKAGE "swarp"
| #define VERSION "2.40.1"
| #define DATE "2022-04-27"
| #define HAVE_LIBM 1
| #define STDC_HEADERS 1
| #define HAVE_SYS_TYPES_H 1
| #define HAVE_SYS_STAT_H 1
| #define HAVE_STDLIB_H 1
| #define HAVE_STRING_H 1
| #define HAVE_MEMORY_H 1
| #define HAVE_STRINGS_H 1
| #define HAVE_INTTYPES_H 1
| #define HAVE_STDINT_H 1
| #define HAVE_UNISTD_H 1
| #define HAVE_MALLOC_H 1
| #define HAVE_UNISTD_H 1
| #define HAVE_SYS_MMAN_H 1
| #define HAVE_LONG_LONG_INT 1
| #define HAVE_UNSIGNED_LONG_LONG_INT 1
| #define HAVE_STDLIB_H 1
| #define HAVE_UNISTD_H 1
| #define HAVE_SYS_PARAM_H 1
| #define HAVE_GETPAGESIZE 1
| #define HAVE_MMAP 1
| #define RETSIGTYPE void
| #define HAVE_STRFTIME 1
| #define HAVE_ATEXIT 1
| #define HAVE_GETENV 1
| #define HAVE_GETHOSTNAME 1
| #define HAVE_MEMCPY 1
| #define HAVE_MEMMOVE 1
| #define HAVE_MEMSET 1
| #define HAVE_MMAP 1
| #define HAVE_STRSTR 1
| #define HAVE_GETRLIMIT 1
| #define HAVE_SINCOS 1
| #define HAVE_ISNAN2 1
| #define HAVE_FSEEKO 1
| #define XSL_URL "file:///usr/local/share/swarp/swarp.xsl"
| #define THREADS_NMAX 1024
| #define USE_THREADS 1
| /* end confdefs.h.  */
| #include <pthread.h>
| int
| main ()
| {
| pthread_t th; pthread_join(th, 0);
|                      pthread_attr_init(0); pthread_cleanup_push(0, 0);
|                      pthread_create(0,0,0,0); pthread_cleanup_pop(0);
|   ;
|   return 0;
| }
configure:5807: result: no
configure:5765: checking for the pthreads library -llthread
configure:5798: gcc -o conftest -g -O2    conftest.c -llthread -lm  >&5
/bin/ld: cannot find -llthread
collect2: error: ld returned 1 exit status
configure:5798: $? = 1
configure: failed program was:
| /* confdefs.h */
| #define PACKAGE_NAME "swarp"
| #define PACKAGE_TARNAME "swarp"
| #define PACKAGE_VERSION "2.40.1"
| #define PACKAGE_STRING "swarp 2.40.1"
| #define PACKAGE_BUGREPORT "bertin@iap.fr"
| #define PACKAGE_URL ""
| #define PACKAGE "swarp"
| #define VERSION "2.40.1"
| #define DATE "2022-04-27"
| #define HAVE_LIBM 1
| #define STDC_HEADERS 1
| #define HAVE_SYS_TYPES_H 1
| #define HAVE_SYS_STAT_H 1
| #define HAVE_STDLIB_H 1
| #define HAVE_STRING_H 1
| #define HAVE_MEMORY_H 1
| #define HAVE_STRINGS_H 1
| #define HAVE_INTTYPES_H 1
| #define HAVE_STDINT_H 1
| #define HAVE_UNISTD_H 1
| #define HAVE_MALLOC_H 1
| #define HAVE_UNISTD_H 1
| #define HAVE_SYS_MMAN_H 1
| #define HAVE_LONG_LONG_INT 1
| #define HAVE_UNSIGNED_LONG_LONG_INT 1
| #define HAVE_STDLIB_H 1
| #define HAVE_UNISTD_H 1
| #define HAVE_SYS_PARAM_H 1
| #define HAVE_GETPAGESIZE 1
| #define HAVE_MMAP 1
| #define RETSIGTYPE void
| #define HAVE_STRFTIME 1
| #define HAVE_ATEXIT 1
| #define HAVE_GETENV 1
| #define HAVE_GETHOSTNAME 1
| #define HAVE_MEMCPY 1
| #define HAVE_MEMMOVE 1
| #define HAVE_MEMSET 1
| #define HAVE_MMAP 1
| #define HAVE_STRSTR 1
| #define HAVE_GETRLIMIT 1
| #define HAVE_SINCOS 1
| #define HAVE_ISNAN2 1
| #define HAVE_FSEEKO 1
| #define XSL_URL "file:///usr/local/share/swarp/swarp.xsl"
| #define THREADS_NMAX 1024
| #define USE_THREADS 1
| /* end confdefs.h.  */
| #include <pthread.h>
| int
| main ()
| {
| pthread_t th; pthread_join(th, 0);
|                      pthread_attr_init(0); pthread_cleanup_push(0, 0);
|                      pthread_create(0,0,0,0); pthread_cleanup_pop(0);
|   ;
|   return 0;
| }
configure:5807: result: no
configure:5765: checking for the pthreads library -lpthread
configure:5798: gcc -o conftest -g -O2    conftest.c -lpthread -lm  >&5
configure:5798: $? = 0
configure:5807: result: yes
configure:5827: checking for joinable pthread attribute
configure:5840: gcc -o conftest -g -O2    conftest.c -lpthread -lm  >&5
configure:5840: $? = 0
configure:5872: result: PTHREAD_CREATE_JOINABLE
configure:5879: checking if more special flags are required for pthreads
configure:5886: result: no
configure:5898: checking for cc_r
configure:5926: result: gcc
configure:5992: result: ***************************************************************
configure:5994: result: Compile cmdline:  gcc     -D_REENTRANT -g -O2
configure:5996: result: Link    cmdline:  gcc   -lpthread -lm 
configure:5998: result: Default XSLT URL: 
configure:6000: result: ***************************************************************
configure:6030: checking that generated files are newer than configure
configure:6036: result: done
configure:6063: creating ./config.status

## ---------------- ##
## Cache variables. ##
## ---------------- ##

ac_cv_build=x86_64-unknown-linux-gnu
ac_cv_c_compiler_gnu=yes
ac_cv_c_const=yes
ac_cv_env_CC_set=
ac_cv_env_CC_value=
ac_cv_env_CFLAGS_set=
ac_cv_env_CFLAGS_value=
ac_cv_env_CPPFLAGS_set=
ac_cv_env_CPPFLAGS_value=
ac_cv_env_CPP_set=
ac_cv_env_CPP_value=
ac_cv_env_LDFLAGS_set=
ac_cv_env_LDFLAGS_value=
ac_cv_env_LIBS_set=
ac_cv_env_LIBS_value=
ac_cv_env_build_alias_set=
ac_cv_env_build_alias_value=
ac_cv_env_host_alias_set=
ac_cv_env_host_alias_value=
ac_cv_env_target_alias_set=
ac_cv_env_target_alias_value=
ac_cv_func_acosd=no
ac_cv_func_asind=no
ac_cv_func_atan2d=no
ac_cv_func_atand=no
ac_cv_func_atexit=yes
ac_cv_func_cosd=no
ac_cv_func_getenv=yes
ac_cv_func_gethostname=yes
ac_cv_func_getpagesize=yes
ac_cv_func_getrlimit=yes
ac_cv_func_isnan=yes
ac_cv_func_memcpy=yes
ac_cv_func_memmove=yes
ac_cv_func_memset=yes
ac_cv_func_mmap=yes
ac_cv_func_mmap_fixed_mapped=yes
ac_cv_func_sincos=yes
ac_cv_func_sind=no
ac_cv_func_strftime=yes
ac_cv_func_strstr=yes
ac_cv_func_tand=no
ac_cv_header_inttypes_h=yes
ac_cv_header_malloc_h=yes
ac_cv_header_memory_h=yes
ac_cv_header_pthread_h=yes
ac_cv_header_stdc=yes
ac_cv_header_stdint_h=yes
ac_cv_header_stdlib_h=yes
ac_cv_header_string_h=yes
ac_cv_header_strings_h=yes
ac_cv_header_sys_mman_h=yes
ac_cv_header_sys_param_h=yes
ac_cv_header_sys_stat_h=yes
ac_cv_header_sys_types_h=yes
ac_cv_header_unistd_h=yes
ac_cv_host=x86_64-unknown-linux-gnu
ac_cv_lib_error_at_line=yes
ac_cv_lib_m_sin=yes
ac_cv_objext=o
ac_cv_path_EGREP='/bin/grep -E'
ac_cv_path_GREP=/bin/grep
ac_cv_path_install='/bin/install -c'
ac_cv_path_mkdir=/bin/mkdir
ac_cv_prog_AWK=gawk
ac_cv_prog_CPP='gcc -E'
ac_cv_prog_PTHREAD_CC=gcc
ac_cv_prog_ac_ct_CC=gcc
ac_cv_prog_ac_ct_RANLIB=ranlib
ac_cv_prog_cc_c89=
ac_cv_prog_cc_g=yes
ac_cv_prog_make_make_set=yes
ac_cv_search_strerror='none required'
ac_cv_struct_tm=time.h
ac_cv_sys_file_offset_bits=no
ac_cv_sys_largefile_CC=no
ac_cv_sys_largefile_source=no
ac_cv_type_long_long_int=yes
ac_cv_type_off_t=yes
ac_cv_type_signal=void
ac_cv_type_size_t=yes
ac_cv_type_uid_t=yes
ac_cv_type_unsigned_long_long_int=yes
am_cv_CC_dependencies_compiler_type=gcc3

## ----------------- ##
## Output variables. ##
## ----------------- ##

ACLOCAL='${SHELL} /home/dhayaa/Desktop/DECADE/Y6DESDM/swarp-2.40.1/autoconf/missing --run aclocal-1.12'
AMDEPBACKSLASH='\'
AMDEP_FALSE='#'
AMDEP_TRUE=''
AMTAR='$${TAR-tar}'
AM_CFLAGS='  -D_REENTRANT'
AM_CPPFLAGS=''
AM_LDFLAGS=''
AUTOCONF='${SHELL} /home/dhayaa/Desktop/DECADE/Y6DESDM/swarp-2.40.1/autoconf/missing --run autoconf'
AUTOHEADER='${SHELL} /home/dhayaa/Desktop/DECADE/Y6DESDM/swarp-2.40.1/autoconf/missing --run autoheader'
AUTOMAKE='${SHELL} /home/dhayaa/Desktop/DECADE/Y6DESDM/swarp-2.40.1/autoconf/missing --run automake-1.12'
AWK='gawk'
CC='gcc'
CCDEPMODE='depmode=gcc3'
CFLAGS='-g -O2'
CPP='gcc -E'
CPPFLAGS=''
CYGPATH_W='echo'
DATE2='Wed Apr 27 2022'
DATE3='April 2022'
DEFS='-DHAVE_CONFIG_H'
DEPDIR='.deps'
ECHO_C=''
ECHO_N='-n'
ECHO_T=''
EGREP='/bin/grep -E'
EXEEXT=''
GREP='/bin/grep'
INSTALL_DATA='${INSTALL} -m 644'
INSTALL_PROGRAM='${INSTALL}'
INSTALL_SCRIPT='${INSTALL}'
INSTALL_STRIP_PROGRAM='$(install_sh) -c -s'
LDFLAGS=''
LIBOBJS=''
LIBS='-lpthread -lm '
LTLIBOBJS=''
MAKEINFO='${SHELL} /home/dhayaa/Desktop/DECADE/Y6DESDM/swarp-2.40.1/autoconf/missing --run makeinfo'
MKDIR_P='/bin/mkdir -p'
OBJEXT='o'
PACKAGE='swarp'
PACKAGER='Emmanuel Bertin'
PACKAGE_BUGREPORT='bertin@iap.fr'
PACKAGE_NAME='swarp'
PACKAGE_STRING='swarp 2.40.1'
PACKAGE_TARNAME='swarp'
PACKAGE_URL=''
PACKAGE_VERSION='2.40.1'
PATH_SEPARATOR=':'
PTHREAD_CC='gcc'
PTHREAD_CFLAGS=''
PTHREAD_LIBS='-lpthread'
RANLIB='ranlib'
SET_MAKE=''
SHELL='/bin/sh'
STRIP=''
USE_THREADS_FALSE='#'
USE_THREADS_TRUE=''
VERSION='2.40.1'
ac_ct_CC='gcc'
am__EXEEXT_FALSE=''
am__EXEEXT_TRUE='#'
am__fastdepCC_FALSE='#'
am__fastdepCC_TRUE=''
am__include='include'
am__isrc=''
am__leading_dot='.'
am__nodep='_no'
am__quote=''
am__tar='$${TAR-tar} chof - "$$tardir"'
am__untar='$${TAR-tar} xf -'
bindir='${exec_prefix}/bin'
build='x86_64-unknown-linux-gnu'
build_alias=''
build_cpu='x86_64'
build_os='linux-gnu'
build_vendor='unknown'
datadir='${datarootdir}'
datarootdir='${prefix}/share'
docdir='${datarootdir}/doc/${PACKAGE_TARNAME}'
dvidir='${docdir}'
exec_prefix='${prefix}'
host='x86_64-unknown-linux-gnu'
host_alias=''
host_cpu='x86_64'
host_os='linux-gnu'
host_vendor='unknown'
htmldir='${docdir}'
includedir='${prefix}/include'
infodir='${datarootdir}/info'
install_sh='${SHELL} /home/dhayaa/Desktop/DECADE/Y6DESDM/swarp-2.40.1/autoconf/install-sh'
libdir='${exec_prefix}/lib'
libexecdir='${exec_prefix}/libexec'
localedir='${datarootdir}/locale'
localstatedir='${prefix}/var'
mandir='${datarootdir}/man'
mkdir_p='$(MKDIR_P)'
oldincludedir='/usr/include'
pdfdir='${docdir}'
prefix='/usr/local'
program_transform_name='s,x,x,'
psdir='${docdir}'
sbindir='${exec_prefix}/sbin'
sharedstatedir='${prefix}/com'
sysconfdir='${prefix}/etc'
target_alias=''

## ----------- ##
## confdefs.h. ##
## ----------- ##

/* confdefs.h */
#define PACKAGE_NAME "swarp"
#define PACKAGE_TARNAME "swarp"
#define PACKAGE_VERSION "2.40.1"
#define PACKAGE_STRING "swarp 2.40.1"
#define PACKAGE_BUGREPORT "bertin@iap.fr"
#define PACKAGE_URL ""
#define PACKAGE "swarp"
#define VERSION "2.40.1"
#define DATE "2022-04-27"
#define HAVE_LIBM 1
#define STDC_HEADERS 1
#define HAVE_SYS_TYPES_H 1
#define HAVE_SYS_STAT_H 1
#define HAVE_STDLIB_H 1
#define HAVE_STRING_H 1
#define HAVE_MEMORY_H 1
#define HAVE_STRINGS_H 1
#define HAVE_INTTYPES_H 1
#define HAVE_STDINT_H 1
#define HAVE_UNISTD_H 1
#define HAVE_MALLOC_H 1
#define HAVE_UNISTD_H 1
#define HAVE_SYS_MMAN_H 1
#define HAVE_LONG_LONG_INT 1
#define HAVE_UNSIGNED_LONG_LONG_INT 1
#define HAVE_STDLIB_H 1
#define HAVE_UNISTD_H 1
#define HAVE_SYS_PARAM_H 1
#define HAVE_GETPAGESIZE 1
#define HAVE_MMAP 1
#define RETSIGTYPE void
#define HAVE_STRFTIME 1
#define HAVE_ATEXIT 1
#define HAVE_GETENV 1
#define HAVE_GETHOSTNAME 1
#define HAVE_MEMCPY 1
#define HAVE_MEMMOVE 1
#define HAVE_MEMSET 1
#define HAVE_MMAP 1
#define HAVE_STRSTR 1
#define HAVE_GETRLIMIT 1
#define HAVE_SINCOS 1
#define HAVE_ISNAN2 1
#define HAVE_FSEEKO 1
#define XSL_URL "file:///usr/local/share/swarp/swarp.xsl"
#define THREADS_NMAX 1024
#define USE_THREADS 1
#define HAVE_PTHREAD 1

configure: exit 0

## ---------------------- ##
## Running config.status. ##
## ---------------------- ##

This file was extended by swarp config.status 2.40.1, which was
generated by GNU Autoconf 2.69.  Invocation command line was

  CONFIG_FILES    = 
  CONFIG_HEADERS  = 
  CONFIG_LINKS    = 
  CONFIG_COMMANDS = 
  $ ./config.status 

on midway2-login1.rcc.local

config.status:904: creating Makefile
config.status:904: creating man/Makefile
config.status:904: creating src/Makefile
config.status:904: creating src/fits/Makefile
config.status:904: creating src/wcs/Makefile
config.status:904: creating swarp.spec
config.status:904: creating man/swarp.1
config.status:904: creating config.h
config.status:1085: config.h is unchanged
config.status:1133: executing depfiles commands

## ---------------------- ##
## Running config.status. ##
## ---------------------- ##

This file was extended by swarp config.status 2.40.1, which was
generated by GNU Autoconf 2.69.  Invocation command line was

  CONFIG_FILES    = 
  CONFIG_HEADERS  = 
  CONFIG_LINKS    = 
  CONFIG_COMMANDS = 
  $ ./config.status config.h

on midway2-login1.rcc.local

config.status:904: creating config.h
config.status:1085: config.h is unchanged
